#
# A fatal error has been detected by the Java Runtime Environment:
#
#  SIGBUS (0x7) at pc=0x00007fab7787838e, pid=17995, tid=18032
#
# JRE version: OpenJDK Runtime Environment Temurin-17.0.11+9 (17.0.11+9) (build 17.0.11+9)
# Java VM: OpenJDK 64-Bit Server VM Temurin-17.0.11+9 (17.0.11+9, mixed mode, sharing, tiered, compressed oops, compressed class ptrs, g1 gc, linux-amd64)
# Problematic frame:
# V  [libjvm.so+0xc6538e]  PerfLongVariant::sample()+0x1e
#
# Core dump will be written. Default location: Core dumps may be processed with "/nix/store/w8yywikp1hlgs72ksrkrakyh6pgics14-systemd/lib/systemd/systemd-coredump %P %u %g %s %t %c %h" (or dumping to /home/runner/workspace/core.17995)
#
# If you would like to submit a bug report, please visit:
#   https://github.com/adoptium/adoptium-support/issues
#

---------------  S U M M A R Y ------------

Command Line: -Dcom.android.sdklib.toolsdir=/home/runner/.bubblewrap/android_sdk/tools com.android.sdklib.tool.sdkmanager.SdkManagerCli --install build-tools;34.0.0 --sdk_root=/home/runner/.bubblewrap/android_sdk/

Host: AMD EPYC 7B13, 8 cores, 62G, Ubuntu 20.04.2 LTS
Time: Sun Mar  2 17:23:03 2025 UTC elapsed time: 16.930828 seconds (0d 0h 0m 16s)

---------------  T H R E A D  ---------------

Current thread (0x00007fab701e8ee0):  WatcherThread [stack: 0x00007fab34441000,0x00007fab34541000] [id=18032]

Stack: [0x00007fab34441000,0x00007fab34541000],  sp=0x00007fab3453fe20,  free space=1019k
Native frames: (J=compiled Java code, j=interpreted, Vv=VM code, C=native code)
V  [libjvm.so+0xc6538e]  PerfLongVariant::sample()+0x1e
V  [libjvm.so+0xd9fd72]  StatSamplerTask::task()+0x32
V  [libjvm.so+0xe2696c]  PeriodicTask::real_time_tick(int)+0x5c
V  [libjvm.so+0xbf5ed7]  WatcherThread::run()+0x47
V  [libjvm.so+0xe655d8]  Thread::call_run()+0xa8
V  [libjvm.so+0xc26851]  thread_native_entry(Thread*)+0xe1


siginfo: si_signo: 7 (SIGBUS), si_code: 2 (BUS_ADRERR), si_addr: 0x00007fab7697c0b8

Registers:
RAX=0x00000003ef99124b, RBX=0x00007fab7697c0b8, RCX=0x0000000000000018, RDX=0x0000000000000000
RSP=0x00007fab3453fe20, RBP=0x00007fab3453fe30, RSI=0x000000000002d86c, RDI=0x000000000053ef35
R8 =0x00007fab701e8cf0, R9 =0x0000000000000128, R10=0x00007ffc881e3080, R11=0x00000000162bb830
R12=0x00007fab701e8de0, R13=0x0000000000000001, R14=0x0000000000000002, R15=0x00007fab77f3f220
RIP=0x00007fab7787838e, EFLAGS=0x0000000000010216, CSGSFS=0x002b000000000033, ERR=0x0000000000000007
  TRAPNO=0x000000000000000e


Register to memory mapping:

RAX=0x00000003ef99124b is an unknown value
RBX=0x00007fab7697c0b8 points into unknown readable memory: 0x00000003e5b20586 | 86 05 b2 e5 03 00 00 00
RCX=0x0000000000000018 is an unknown value
RDX=0x0 is NULL
RSP=0x00007fab3453fe20 points into unknown readable memory: 0x00007fab3453fe50 | 50 fe 53 34 ab 7f 00 00
RBP=0x00007fab3453fe30 points into unknown readable memory: 0x00007fab3453fe50 | 50 fe 53 34 ab 7f 00 00
RSI=0x000000000002d86c is an unknown value
RDI=0x000000000053ef35 is an unknown value
R8 =0x00007fab701e8cf0 points into unknown readable memory: 0x00007fab77e2c598 | 98 c5 e2 77 ab 7f 00 00
R9 =0x0000000000000128 is an unknown value
R10=0x00007ffc881e3080 points into unknown readable memory: 0x00000001162bb868 | 68 b8 2b 16 01 00 00 00
R11=0x00000000162bb830 is an unknown value
R12=0x00007fab701e8de0 points into unknown readable memory: 0x00007fab701e8e00 | 00 8e 1e 70 ab 7f 00 00
R13=0x0000000000000001 is an unknown value
R14=0x0000000000000002 is an unknown value
R15=0x00007fab77f3f220: <offset 0x000000000132c220> in /home/runner/.bubblewrap/jdk/jdk-17.0.11+9/lib/server/libjvm.so at 0x00007fab76c13000


Top of Stack: (sp=0x00007fab3453fe20)
0x00007fab3453fe20:   00007fab3453fe50 0000000000000001
0x00007fab3453fe30:   00007fab3453fe50 00007fab779b2d72
0x00007fab3453fe40:   0000000000000032 0000000000000032
0x00007fab3453fe50:   00007fab3453fea0 00007fab77a3996c
0x00007fab3453fe60:   00007fab701e9620 00007fab70023790
0x00007fab3453fe70:   00007fab3453fea0 00007fab701e8ee0
0x00007fab3453fe80:   0000000000000032 00007fab34441000
0x00007fab3453fe90:   0000000000100000 00007fab34540080
0x00007fab3453fea0:   00007fab3453ff20 00007fab77808ed7
0x00007fab3453feb0:   00007fab701e9708 418a33c1a4903300
0x00007fab3453fec0:   0000000000000058 00007fab701e9620
0x00007fab3453fed0:   00007fab3453ff20 00007fab3453fef0
0x00007fab3453fee0:   00007fab34441000 00007fab77838263
0x00007fab3453fef0:   6f69726550204d56 00007fab701e9620
0x00007fab3453ff00:   00007fab701e8ee0 00007fab34441000
0x00007fab3453ff10:   0000000000100000 00007fab34540080
0x00007fab3453ff20:   00007fab3453ff80 00007fab77a785d8
0x00007fab3453ff30:   00007fab3453ff60 00007fab701e9700
0x00007fab3453ff40:   0000000000000000 00007fab701e8ee0
0x00007fab3453ff50:   00007fab3453ff80 00007fab777f2b29
0x00007fab3453ff60:   00007fab3453ffb0 00007fab701e9700
0x00007fab3453ff70:   00007fab701e8ee0 00007fab76ab7b10
0x00007fab3453ff80:   00007fab3453ffb0 00007fab77839851
0x00007fab3453ff90:   0000000000000000 0000000000000000
0x00007fab3453ffa0:   00007fab76ab7a0e 00007fab76ab7a0f
0x00007fab3453ffb0:   0000000000000000 00007fab78160609
0x00007fab3453ffc0:   0000000000000000 00007fab34540700
0x00007fab3453ffd0:   00007fab34540700 ffcfb171b5675c01
0x00007fab3453ffe0:   00007fab76ab7a0e 00007fab76ab7a0f
0x00007fab3453fff0:   00007fab76ab7b10 00007fab34540080
0x00007fab34540000:   0099d9d64ae75c01 0099415dbe055c01
0x00007fab34540010:   0000000000000000 0000000000000000 

Instructions: (pc=0x00007fab7787838e)
0x00007fab7787828e:   83 c4 08 5b 41 5c 41 5d 41 5e 41 5f 5d c3 0f 1f
0x00007fab7787829e:   40 00 31 f6 4c 89 e7 e8 e6 12 20 00 e9 80 ff ff
0x00007fab778782ae:   ff 90 31 f6 4c 89 e7 e8 d6 12 20 00 e9 0f ff ff
0x00007fab778782be:   ff 90 31 f6 4c 89 e7 e8 c6 12 20 00 e9 96 fe ff
0x00007fab778782ce:   ff 90 be 01 00 00 00 4c 89 e7 e8 13 15 07 00 e9
0x00007fab778782de:   63 fe ff ff 66 0f 1f 44 00 00 be 01 00 00 00 4c
0x00007fab778782ee:   89 e7 e8 fb 14 07 00 e9 19 ff ff ff 66 0f 1f 44
0x00007fab778782fe:   00 00 48 8d 05 41 a0 65 00 48 8d 0d 36 a7 39 00
0x00007fab7787830e:   48 8d 15 45 a7 39 00 be 44 01 00 00 48 8d 3d 27
0x00007fab7787831e:   a6 39 00 48 8b 00 c6 00 58 31 c0 e8 92 50 9a ff
0x00007fab7787832e:   e8 ed bf fb ff e9 ba fe ff ff 0f 1f 84 00 00 00
0x00007fab7787833e:   00 00 be 01 00 00 00 4c 89 e7 e8 a3 14 07 00 e9
0x00007fab7787834e:   50 fe ff ff 66 0f 1f 44 00 00 4c 89 e7 45 31 e4
0x00007fab7787835e:   e8 ed b8 1f 00 e9 bc fd ff ff 0f 1f 84 00 00 00
0x00007fab7787836e:   00 00 4c 8b 47 38 4d 85 c0 74 27 55 48 89 e5 53
0x00007fab7787837e:   48 83 ec 08 49 8b 00 48 8b 5f 28 4c 89 c7 ff 10
0x00007fab7787838e:   48 89 03 48 8b 5d f8 c9 c3 66 0f 1f 84 00 00 00
0x00007fab7787839e:   00 00 c3 90 66 66 2e 0f 1f 84 00 00 00 00 00 0f
0x00007fab778783ae:   1f 00 49 89 f8 48 89 f7 48 63 f2 49 8b 40 28 48
0x00007fab778783be:   8d 15 dd a2 3a 00 48 8b 08 31 c0 e9 62 dc 5e ff
0x00007fab778783ce:   66 90 49 89 f8 31 c0 48 89 f7 48 63 f2 49 8b 48
0x00007fab778783de:   28 48 8d 15 80 91 35 00 e9 45 dc 5e ff 90 0f 1f
0x00007fab778783ee:   40 00 55 48 8d 05 b0 09 65 00 66 41 0f 6e c0 66
0x00007fab778783fe:   0f 6e c9 66 0f 62 c1 48 89 e5 41 57 49 89 d7 41
0x00007fab7787840e:   56 41 55 4c 63 ee 41 54 53 48 89 fb 48 83 ec 18
0x00007fab7787841e:   48 89 07 48 8d 05 78 ea 66 00 48 c7 47 08 00 00
0x00007fab7787842e:   00 00 4e 8b 34 e8 c6 47 18 00 48 c7 47 28 00 00
0x00007fab7787843e:   00 00 66 0f d6 47 10 48 89 d7 e8 d3 df 5e ff 4c
0x00007fab7787844e:   89 f7 48 89 45 c8 e8 c7 df 5e ff 48 8b 55 c8 be
0x00007fab7787845e:   08 00 00 00 48 8d 7c 02 02 31 d2 e8 72 2c 76 ff
0x00007fab7787846e:   48 89 43 08 48 89 c7 41 83 fd 18 74 55 4c 89 f2
0x00007fab7787847e:   4c 89 f9 48 8d 35 a0 49 38 00 31 c0 e8 41 e9 5e 


Stack slot to memory mapping:
stack at sp + 0 slots: 0x00007fab3453fe50 points into unknown readable memory: 0x00007fab3453fea0 | a0 fe 53 34 ab 7f 00 00
stack at sp + 1 slots: 0x0000000000000001 is an unknown value
stack at sp + 2 slots: 0x00007fab3453fe50 points into unknown readable memory: 0x00007fab3453fea0 | a0 fe 53 34 ab 7f 00 00
stack at sp + 3 slots: 0x00007fab779b2d72: <offset 0x0000000000d9fd72> in /home/runner/.bubblewrap/jdk/jdk-17.0.11+9/lib/server/libjvm.so at 0x00007fab76c13000
stack at sp + 4 slots: 0x0000000000000032 is an unknown value
stack at sp + 5 slots: 0x0000000000000032 is an unknown value
stack at sp + 6 slots: 0x00007fab3453fea0 points into unknown readable memory: 0x00007fab3453ff20 | 20 ff 53 34 ab 7f 00 00
stack at sp + 7 slots: 0x00007fab77a3996c: <offset 0x0000000000e2696c> in /home/runner/.bubblewrap/jdk/jdk-17.0.11+9/lib/server/libjvm.so at 0x00007fab76c13000


---------------  P R O C E S S  ---------------

Threads class SMR info:
_java_thread_list=0x00007fab70781010, length=12, elements={
0x00007fab700262f0, 0x00007fab701ca970, 0x00007fab701cbd60, 0x00007fab701d1310,
0x00007fab701d26d0, 0x00007fab701d3af0, 0x00007fab701d54b0, 0x00007fab701d69f0,
0x00007fab701dfe60, 0x00007fab701e7590, 0x00007fab701eaf90, 0x00007fab703f4e10
}

Java Threads: ( => current thread )
  0x00007fab700262f0 JavaThread "main" [_thread_in_vm, id=18016, stack(0x00007fab769b8000,0x00007fab76ab9000)]
  0x00007fab701ca970 JavaThread "Reference Handler" daemon [_thread_blocked, id=18023, stack(0x00007fab3502f000,0x00007fab35130000)]
  0x00007fab701cbd60 JavaThread "Finalizer" daemon [_thread_blocked, id=18024, stack(0x00007fab34f2e000,0x00007fab3502f000)]
  0x00007fab701d1310 JavaThread "Signal Dispatcher" daemon [_thread_blocked, id=18025, stack(0x00007fab34b47000,0x00007fab34c48000)]
  0x00007fab701d26d0 JavaThread "Service Thread" daemon [_thread_blocked, id=18026, stack(0x00007fab34a46000,0x00007fab34b47000)]
  0x00007fab701d3af0 JavaThread "Monitor Deflation Thread" daemon [_thread_blocked, id=18027, stack(0x00007fab34945000,0x00007fab34a46000)]
  0x00007fab701d54b0 JavaThread "C2 CompilerThread0" daemon [_thread_blocked, id=18028, stack(0x00007fab34844000,0x00007fab34945000)]
  0x00007fab701d69f0 JavaThread "C1 CompilerThread0" daemon [_thread_blocked, id=18029, stack(0x00007fab34743000,0x00007fab34844000)]
  0x00007fab701dfe60 JavaThread "Sweeper thread" daemon [_thread_blocked, id=18030, stack(0x00007fab34642000,0x00007fab34743000)]
  0x00007fab701e7590 JavaThread "Notification Thread" daemon [_thread_blocked, id=18031, stack(0x00007fab34541000,0x00007fab34642000)]
  0x00007fab701eaf90 JavaThread "Common-Cleaner" daemon [_thread_blocked, id=18033, stack(0x00007fab3433f000,0x00007fab34440000)]
  0x00007fab703f4e10 JavaThread "Keep-Alive-Timer" daemon [_thread_blocked, id=18077, stack(0x00007fab34103000,0x00007fab34204000)]

Other Threads:
  0x00007fab701c69e0 VMThread "VM Thread" [stack: 0x00007fab35131000,0x00007fab35231000] [id=18022]
=>0x00007fab701e8ee0 WatcherThread [stack: 0x00007fab34441000,0x00007fab34541000] [id=18032]
  0x00007fab700570d0 GCTaskThread "GC Thread#0" [stack: 0x00007fab35de9000,0x00007fab35ee9000] [id=18017]
  0x00007faad00056e0 GCTaskThread "GC Thread#1" [stack: 0x00007fab24ef0000,0x00007fab24ff0000] [id=18054]
  0x00007faad00060f0 GCTaskThread "GC Thread#2" [stack: 0x00007fab24def000,0x00007fab24eef000] [id=18055]
  0x00007faad0006b00 GCTaskThread "GC Thread#3" [stack: 0x00007fab24cee000,0x00007fab24dee000] [id=18056]
  0x00007faad0007510 GCTaskThread "GC Thread#4" [stack: 0x00007fab24bed000,0x00007fab24ced000] [id=18057]
  0x00007faad0007f20 GCTaskThread "GC Thread#5" [stack: 0x00007fab24aec000,0x00007fab24bec000] [id=18058]
  0x00007fab70068210 ConcurrentGCThread "G1 Main Marker" [stack: 0x00007fab35ce8000,0x00007fab35de8000] [id=18018]
  0x00007fab70069180 ConcurrentGCThread "G1 Conc#0" [stack: 0x00007fab35be7000,0x00007fab35ce7000] [id=18019]
  0x00007fab70194710 ConcurrentGCThread "G1 Refine#0" [stack: 0x00007fab354e0000,0x00007fab355e0000] [id=18020]
  0x00007fab70195610 ConcurrentGCThread "G1 Service" [stack: 0x00007fab353df000,0x00007fab354df000] [id=18021]

Threads with active compile tasks:

VM state: not at safepoint (normal execution)

VM Mutex/Monitor currently owned by a thread:  ([mutex/lock_event])
[0x00007fab70023790] PeriodicTask_lock - owner thread: 0x00007fab701e8ee0

Heap address: 0x0000000413000000, size: 16080 MB, Compressed Oops mode: Zero based, Oop shift amount: 3

CDS archive(s) mapped at: [0x00007faad7000000-0x00007faad7bc6000-0x00007faad7bc6000), size 12345344, SharedBaseAddress: 0x00007faad7000000, ArchiveRelocationMode: 1.
Compressed class space mapped at: 0x00007faad8000000-0x00007fab18000000, reserved size: 1073741824
Narrow klass base: 0x00007faad7000000, Narrow klass shift: 0, Narrow klass range: 0x100000000

GC Precious Log:
 CPUs: 8 total, 6 available
 Memory: 64312M
 Large Page Support: Disabled
 NUMA Support: Disabled
 Compressed Oops: Enabled (Zero based)
 Heap Region Size: 8M
 Heap Min Capacity: 8M
 Heap Initial Capacity: 1008M
 Heap Max Capacity: 16080M
 Pre-touch: Disabled
 Parallel Workers: 6
 Concurrent Workers: 2
 Concurrent Refinement Workers: 6
 Periodic GC: Disabled

Heap:
 garbage-first heap   total 1048576K, used 100529K [0x0000000413000000, 0x0000000800000000)
  region size 8192K, 12 young (98304K), 1 survivors (8192K)
 Metaspace       used 19443K, committed 19712K, reserved 1114112K
  class space    used 2096K, committed 2240K, reserved 1048576K

Heap Regions: E=young(eden), S=young(survivor), O=old, HS=humongous(starts), HC=humongous(continues), CS=collection set, F=free, OA=open archive, CA=closed archive, TAMS=top-at-mark-start (previous, next)
|   0|0x0000000413000000, 0x00000004136e2200, 0x0000000413800000| 86%| O|  |TAMS 0x0000000413000000, 0x0000000413000000| Untracked 
|   1|0x0000000413800000, 0x0000000413800000, 0x0000000414000000|  0%| F|  |TAMS 0x0000000413800000, 0x0000000413800000| Untracked 
|   2|0x0000000414000000, 0x0000000414000000, 0x0000000414800000|  0%| F|  |TAMS 0x0000000414000000, 0x0000000414000000| Untracked 
|   3|0x0000000414800000, 0x0000000414800000, 0x0000000415000000|  0%| F|  |TAMS 0x0000000414800000, 0x0000000414800000| Untracked 
|   4|0x0000000415000000, 0x0000000415000000, 0x0000000415800000|  0%| F|  |TAMS 0x0000000415000000, 0x0000000415000000| Untracked 
|   5|0x0000000415800000, 0x0000000415800000, 0x0000000416000000|  0%| F|  |TAMS 0x0000000415800000, 0x0000000415800000| Untracked 
|   6|0x0000000416000000, 0x0000000416000000, 0x0000000416800000|  0%| F|  |TAMS 0x0000000416000000, 0x0000000416000000| Untracked 
|   7|0x0000000416800000, 0x0000000416800000, 0x0000000417000000|  0%| F|  |TAMS 0x0000000416800000, 0x0000000416800000| Untracked 
|   8|0x0000000417000000, 0x0000000417000000, 0x0000000417800000|  0%| F|  |TAMS 0x0000000417000000, 0x0000000417000000| Untracked 
|   9|0x0000000417800000, 0x0000000417800000, 0x0000000418000000|  0%| F|  |TAMS 0x0000000417800000, 0x0000000417800000| Untracked 
|  10|0x0000000418000000, 0x0000000418000000, 0x0000000418800000|  0%| F|  |TAMS 0x0000000418000000, 0x0000000418000000| Untracked 
|  11|0x0000000418800000, 0x0000000418800000, 0x0000000419000000|  0%| F|  |TAMS 0x0000000418800000, 0x0000000418800000| Untracked 
|  12|0x0000000419000000, 0x0000000419000000, 0x0000000419800000|  0%| F|  |TAMS 0x0000000419000000, 0x0000000419000000| Untracked 
|  13|0x0000000419800000, 0x0000000419800000, 0x000000041a000000|  0%| F|  |TAMS 0x0000000419800000, 0x0000000419800000| Untracked 
|  14|0x000000041a000000, 0x000000041a000000, 0x000000041a800000|  0%| F|  |TAMS 0x000000041a000000, 0x000000041a000000| Untracked 
|  15|0x000000041a800000, 0x000000041a800000, 0x000000041b000000|  0%| F|  |TAMS 0x000000041a800000, 0x000000041a800000| Untracked 
|  16|0x000000041b000000, 0x000000041b000000, 0x000000041b800000|  0%| F|  |TAMS 0x000000041b000000, 0x000000041b000000| Untracked 
|  17|0x000000041b800000, 0x000000041b800000, 0x000000041c000000|  0%| F|  |TAMS 0x000000041b800000, 0x000000041b800000| Untracked 
|  18|0x000000041c000000, 0x000000041c000000, 0x000000041c800000|  0%| F|  |TAMS 0x000000041c000000, 0x000000041c000000| Untracked 
|  19|0x000000041c800000, 0x000000041c800000, 0x000000041d000000|  0%| F|  |TAMS 0x000000041c800000, 0x000000041c800000| Untracked 
|  20|0x000000041d000000, 0x000000041d000000, 0x000000041d800000|  0%| F|  |TAMS 0x000000041d000000, 0x000000041d000000| Untracked 
|  21|0x000000041d800000, 0x000000041d800000, 0x000000041e000000|  0%| F|  |TAMS 0x000000041d800000, 0x000000041d800000| Untracked 
|  22|0x000000041e000000, 0x000000041e000000, 0x000000041e800000|  0%| F|  |TAMS 0x000000041e000000, 0x000000041e000000| Untracked 
|  23|0x000000041e800000, 0x000000041e800000, 0x000000041f000000|  0%| F|  |TAMS 0x000000041e800000, 0x000000041e800000| Untracked 
|  24|0x000000041f000000, 0x000000041f000000, 0x000000041f800000|  0%| F|  |TAMS 0x000000041f000000, 0x000000041f000000| Untracked 
|  25|0x000000041f800000, 0x000000041f800000, 0x0000000420000000|  0%| F|  |TAMS 0x000000041f800000, 0x000000041f800000| Untracked 
|  26|0x0000000420000000, 0x0000000420000000, 0x0000000420800000|  0%| F|  |TAMS 0x0000000420000000, 0x0000000420000000| Untracked 
|  27|0x0000000420800000, 0x0000000420800000, 0x0000000421000000|  0%| F|  |TAMS 0x0000000420800000, 0x0000000420800000| Untracked 
|  28|0x0000000421000000, 0x0000000421000000, 0x0000000421800000|  0%| F|  |TAMS 0x0000000421000000, 0x0000000421000000| Untracked 
|  29|0x0000000421800000, 0x0000000421800000, 0x0000000422000000|  0%| F|  |TAMS 0x0000000421800000, 0x0000000421800000| Untracked 
|  30|0x0000000422000000, 0x0000000422000000, 0x0000000422800000|  0%| F|  |TAMS 0x0000000422000000, 0x0000000422000000| Untracked 
|  31|0x0000000422800000, 0x0000000422800000, 0x0000000423000000|  0%| F|  |TAMS 0x0000000422800000, 0x0000000422800000| Untracked 
|  32|0x0000000423000000, 0x0000000423000000, 0x0000000423800000|  0%| F|  |TAMS 0x0000000423000000, 0x0000000423000000| Untracked 
|  33|0x0000000423800000, 0x0000000423800000, 0x0000000424000000|  0%| F|  |TAMS 0x0000000423800000, 0x0000000423800000| Untracked 
|  34|0x0000000424000000, 0x0000000424000000, 0x0000000424800000|  0%| F|  |TAMS 0x0000000424000000, 0x0000000424000000| Untracked 
|  35|0x0000000424800000, 0x0000000424800000, 0x0000000425000000|  0%| F|  |TAMS 0x0000000424800000, 0x0000000424800000| Untracked 
|  36|0x0000000425000000, 0x0000000425000000, 0x0000000425800000|  0%| F|  |TAMS 0x0000000425000000, 0x0000000425000000| Untracked 
|  37|0x0000000425800000, 0x0000000425800000, 0x0000000426000000|  0%| F|  |TAMS 0x0000000425800000, 0x0000000425800000| Untracked 
|  38|0x0000000426000000, 0x0000000426000000, 0x0000000426800000|  0%| F|  |TAMS 0x0000000426000000, 0x0000000426000000| Untracked 
|  39|0x0000000426800000, 0x0000000426800000, 0x0000000427000000|  0%| F|  |TAMS 0x0000000426800000, 0x0000000426800000| Untracked 
|  40|0x0000000427000000, 0x0000000427000000, 0x0000000427800000|  0%| F|  |TAMS 0x0000000427000000, 0x0000000427000000| Untracked 
|  41|0x0000000427800000, 0x0000000427800000, 0x0000000428000000|  0%| F|  |TAMS 0x0000000427800000, 0x0000000427800000| Untracked 
|  42|0x0000000428000000, 0x0000000428000000, 0x0000000428800000|  0%| F|  |TAMS 0x0000000428000000, 0x0000000428000000| Untracked 
|  43|0x0000000428800000, 0x0000000428800000, 0x0000000429000000|  0%| F|  |TAMS 0x0000000428800000, 0x0000000428800000| Untracked 
|  44|0x0000000429000000, 0x0000000429000000, 0x0000000429800000|  0%| F|  |TAMS 0x0000000429000000, 0x0000000429000000| Untracked 
|  45|0x0000000429800000, 0x0000000429800000, 0x000000042a000000|  0%| F|  |TAMS 0x0000000429800000, 0x0000000429800000| Untracked 
|  46|0x000000042a000000, 0x000000042a000000, 0x000000042a800000|  0%| F|  |TAMS 0x000000042a000000, 0x000000042a000000| Untracked 
|  47|0x000000042a800000, 0x000000042a800000, 0x000000042b000000|  0%| F|  |TAMS 0x000000042a800000, 0x000000042a800000| Untracked 
|  48|0x000000042b000000, 0x000000042b000000, 0x000000042b800000|  0%| F|  |TAMS 0x000000042b000000, 0x000000042b000000| Untracked 
|  49|0x000000042b800000, 0x000000042b800000, 0x000000042c000000|  0%| F|  |TAMS 0x000000042b800000, 0x000000042b800000| Untracked 
|  50|0x000000042c000000, 0x000000042c000000, 0x000000042c800000|  0%| F|  |TAMS 0x000000042c000000, 0x000000042c000000| Untracked 
|  51|0x000000042c800000, 0x000000042c800000, 0x000000042d000000|  0%| F|  |TAMS 0x000000042c800000, 0x000000042c800000| Untracked 
|  52|0x000000042d000000, 0x000000042d000000, 0x000000042d800000|  0%| F|  |TAMS 0x000000042d000000, 0x000000042d000000| Untracked 
|  53|0x000000042d800000, 0x000000042d800000, 0x000000042e000000|  0%| F|  |TAMS 0x000000042d800000, 0x000000042d800000| Untracked 
|  54|0x000000042e000000, 0x000000042e000000, 0x000000042e800000|  0%| F|  |TAMS 0x000000042e000000, 0x000000042e000000| Untracked 
|  55|0x000000042e800000, 0x000000042e800000, 0x000000042f000000|  0%| F|  |TAMS 0x000000042e800000, 0x000000042e800000| Untracked 
|  56|0x000000042f000000, 0x000000042f000000, 0x000000042f800000|  0%| F|  |TAMS 0x000000042f000000, 0x000000042f000000| Untracked 
|  57|0x000000042f800000, 0x000000042f800000, 0x0000000430000000|  0%| F|  |TAMS 0x000000042f800000, 0x000000042f800000| Untracked 
|  58|0x0000000430000000, 0x0000000430000000, 0x0000000430800000|  0%| F|  |TAMS 0x0000000430000000, 0x0000000430000000| Untracked 
|  59|0x0000000430800000, 0x0000000430800000, 0x0000000431000000|  0%| F|  |TAMS 0x0000000430800000, 0x0000000430800000| Untracked 
|  60|0x0000000431000000, 0x0000000431000000, 0x0000000431800000|  0%| F|  |TAMS 0x0000000431000000, 0x0000000431000000| Untracked 
|  61|0x0000000431800000, 0x0000000431800000, 0x0000000432000000|  0%| F|  |TAMS 0x0000000431800000, 0x0000000431800000| Untracked 
|  62|0x0000000432000000, 0x0000000432000000, 0x0000000432800000|  0%| F|  |TAMS 0x0000000432000000, 0x0000000432000000| Untracked 
|  63|0x0000000432800000, 0x0000000432800000, 0x0000000433000000|  0%| F|  |TAMS 0x0000000432800000, 0x0000000432800000| Untracked 
|  64|0x0000000433000000, 0x0000000433000000, 0x0000000433800000|  0%| F|  |TAMS 0x0000000433000000, 0x0000000433000000| Untracked 
|  65|0x0000000433800000, 0x0000000433800000, 0x0000000434000000|  0%| F|  |TAMS 0x0000000433800000, 0x0000000433800000| Untracked 
|  66|0x0000000434000000, 0x0000000434000000, 0x0000000434800000|  0%| F|  |TAMS 0x0000000434000000, 0x0000000434000000| Untracked 
|  67|0x0000000434800000, 0x0000000434800000, 0x0000000435000000|  0%| F|  |TAMS 0x0000000434800000, 0x0000000434800000| Untracked 
|  68|0x0000000435000000, 0x0000000435000000, 0x0000000435800000|  0%| F|  |TAMS 0x0000000435000000, 0x0000000435000000| Untracked 
|  69|0x0000000435800000, 0x0000000435800000, 0x0000000436000000|  0%| F|  |TAMS 0x0000000435800000, 0x0000000435800000| Untracked 
|  70|0x0000000436000000, 0x0000000436000000, 0x0000000436800000|  0%| F|  |TAMS 0x0000000436000000, 0x0000000436000000| Untracked 
|  71|0x0000000436800000, 0x0000000436800000, 0x0000000437000000|  0%| F|  |TAMS 0x0000000436800000, 0x0000000436800000| Untracked 
|  72|0x0000000437000000, 0x0000000437000000, 0x0000000437800000|  0%| F|  |TAMS 0x0000000437000000, 0x0000000437000000| Untracked 
|  73|0x0000000437800000, 0x0000000437800000, 0x0000000438000000|  0%| F|  |TAMS 0x0000000437800000, 0x0000000437800000| Untracked 
|  74|0x0000000438000000, 0x0000000438000000, 0x0000000438800000|  0%| F|  |TAMS 0x0000000438000000, 0x0000000438000000| Untracked 
|  75|0x0000000438800000, 0x0000000438800000, 0x0000000439000000|  0%| F|  |TAMS 0x0000000438800000, 0x0000000438800000| Untracked 
|  76|0x0000000439000000, 0x0000000439000000, 0x0000000439800000|  0%| F|  |TAMS 0x0000000439000000, 0x0000000439000000| Untracked 
|  77|0x0000000439800000, 0x0000000439800000, 0x000000043a000000|  0%| F|  |TAMS 0x0000000439800000, 0x0000000439800000| Untracked 
|  78|0x000000043a000000, 0x000000043a000000, 0x000000043a800000|  0%| F|  |TAMS 0x000000043a000000, 0x000000043a000000| Untracked 
|  79|0x000000043a800000, 0x000000043a800000, 0x000000043b000000|  0%| F|  |TAMS 0x000000043a800000, 0x000000043a800000| Untracked 
|  80|0x000000043b000000, 0x000000043b000000, 0x000000043b800000|  0%| F|  |TAMS 0x000000043b000000, 0x000000043b000000| Untracked 
|  81|0x000000043b800000, 0x000000043b800000, 0x000000043c000000|  0%| F|  |TAMS 0x000000043b800000, 0x000000043b800000| Untracked 
|  82|0x000000043c000000, 0x000000043c000000, 0x000000043c800000|  0%| F|  |TAMS 0x000000043c000000, 0x000000043c000000| Untracked 
|  83|0x000000043c800000, 0x000000043c800000, 0x000000043d000000|  0%| F|  |TAMS 0x000000043c800000, 0x000000043c800000| Untracked 
|  84|0x000000043d000000, 0x000000043d000000, 0x000000043d800000|  0%| F|  |TAMS 0x000000043d000000, 0x000000043d000000| Untracked 
|  85|0x000000043d800000, 0x000000043d800000, 0x000000043e000000|  0%| F|  |TAMS 0x000000043d800000, 0x000000043d800000| Untracked 
|  86|0x000000043e000000, 0x000000043e000000, 0x000000043e800000|  0%| F|  |TAMS 0x000000043e000000, 0x000000043e000000| Untracked 
|  87|0x000000043e800000, 0x000000043e800000, 0x000000043f000000|  0%| F|  |TAMS 0x000000043e800000, 0x000000043e800000| Untracked 
|  88|0x000000043f000000, 0x000000043f000000, 0x000000043f800000|  0%| F|  |TAMS 0x000000043f000000, 0x000000043f000000| Untracked 
|  89|0x000000043f800000, 0x000000043f800000, 0x0000000440000000|  0%| F|  |TAMS 0x000000043f800000, 0x000000043f800000| Untracked 
|  90|0x0000000440000000, 0x0000000440000000, 0x0000000440800000|  0%| F|  |TAMS 0x0000000440000000, 0x0000000440000000| Untracked 
|  91|0x0000000440800000, 0x0000000440800000, 0x0000000441000000|  0%| F|  |TAMS 0x0000000440800000, 0x0000000440800000| Untracked 
|  92|0x0000000441000000, 0x0000000441000000, 0x0000000441800000|  0%| F|  |TAMS 0x0000000441000000, 0x0000000441000000| Untracked 
|  93|0x0000000441800000, 0x0000000441800000, 0x0000000442000000|  0%| F|  |TAMS 0x0000000441800000, 0x0000000441800000| Untracked 
|  94|0x0000000442000000, 0x0000000442000000, 0x0000000442800000|  0%| F|  |TAMS 0x0000000442000000, 0x0000000442000000| Untracked 
|  95|0x0000000442800000, 0x0000000442800000, 0x0000000443000000|  0%| F|  |TAMS 0x0000000442800000, 0x0000000442800000| Untracked 
|  96|0x0000000443000000, 0x0000000443000000, 0x0000000443800000|  0%| F|  |TAMS 0x0000000443000000, 0x0000000443000000| Untracked 
|  97|0x0000000443800000, 0x0000000443800000, 0x0000000444000000|  0%| F|  |TAMS 0x0000000443800000, 0x0000000443800000| Untracked 
|  98|0x0000000444000000, 0x0000000444000000, 0x0000000444800000|  0%| F|  |TAMS 0x0000000444000000, 0x0000000444000000| Untracked 
|  99|0x0000000444800000, 0x0000000444800000, 0x0000000445000000|  0%| F|  |TAMS 0x0000000444800000, 0x0000000444800000| Untracked 
| 100|0x0000000445000000, 0x0000000445000000, 0x0000000445800000|  0%| F|  |TAMS 0x0000000445000000, 0x0000000445000000| Untracked 
| 101|0x0000000445800000, 0x0000000445800000, 0x0000000446000000|  0%| F|  |TAMS 0x0000000445800000, 0x0000000445800000| Untracked 
| 102|0x0000000446000000, 0x0000000446000000, 0x0000000446800000|  0%| F|  |TAMS 0x0000000446000000, 0x0000000446000000| Untracked 
| 103|0x0000000446800000, 0x0000000446800000, 0x0000000447000000|  0%| F|  |TAMS 0x0000000446800000, 0x0000000446800000| Untracked 
| 104|0x0000000447000000, 0x0000000447000000, 0x0000000447800000|  0%| F|  |TAMS 0x0000000447000000, 0x0000000447000000| Untracked 
| 105|0x0000000447800000, 0x0000000447800000, 0x0000000448000000|  0%| F|  |TAMS 0x0000000447800000, 0x0000000447800000| Untracked 
| 106|0x0000000448000000, 0x0000000448000000, 0x0000000448800000|  0%| F|  |TAMS 0x0000000448000000, 0x0000000448000000| Untracked 
| 107|0x0000000448800000, 0x0000000448800000, 0x0000000449000000|  0%| F|  |TAMS 0x0000000448800000, 0x0000000448800000| Untracked 
| 108|0x0000000449000000, 0x0000000449000000, 0x0000000449800000|  0%| F|  |TAMS 0x0000000449000000, 0x0000000449000000| Untracked 
| 109|0x0000000449800000, 0x0000000449800000, 0x000000044a000000|  0%| F|  |TAMS 0x0000000449800000, 0x0000000449800000| Untracked 
| 110|0x000000044a000000, 0x000000044a000000, 0x000000044a800000|  0%| F|  |TAMS 0x000000044a000000, 0x000000044a000000| Untracked 
| 111|0x000000044a800000, 0x000000044a800000, 0x000000044b000000|  0%| F|  |TAMS 0x000000044a800000, 0x000000044a800000| Untracked 
| 112|0x000000044b000000, 0x000000044b000000, 0x000000044b800000|  0%| F|  |TAMS 0x000000044b000000, 0x000000044b000000| Untracked 
| 113|0x000000044b800000, 0x000000044b800000, 0x000000044c000000|  0%| F|  |TAMS 0x000000044b800000, 0x000000044b800000| Untracked 
| 114|0x000000044c000000, 0x000000044c400800, 0x000000044c800000| 50%| E|  |TAMS 0x000000044c000000, 0x000000044c000000| Complete 
| 115|0x000000044c800000, 0x000000044d000000, 0x000000044d000000|100%| E|CS|TAMS 0x000000044c800000, 0x000000044c800000| Complete 
| 116|0x000000044d000000, 0x000000044d35e2c8, 0x000000044d800000| 42%| S|CS|TAMS 0x000000044d000000, 0x000000044d000000| Complete 
| 117|0x000000044d800000, 0x000000044e000000, 0x000000044e000000|100%| E|CS|TAMS 0x000000044d800000, 0x000000044d800000| Complete 
| 118|0x000000044e000000, 0x000000044e800000, 0x000000044e800000|100%| E|CS|TAMS 0x000000044e000000, 0x000000044e000000| Complete 
| 119|0x000000044e800000, 0x000000044f000000, 0x000000044f000000|100%| E|CS|TAMS 0x000000044e800000, 0x000000044e800000| Complete 
| 120|0x000000044f000000, 0x000000044f800000, 0x000000044f800000|100%| E|CS|TAMS 0x000000044f000000, 0x000000044f000000| Complete 
| 121|0x000000044f800000, 0x0000000450000000, 0x0000000450000000|100%| E|CS|TAMS 0x000000044f800000, 0x000000044f800000| Complete 
| 122|0x0000000450000000, 0x0000000450800000, 0x0000000450800000|100%| E|CS|TAMS 0x0000000450000000, 0x0000000450000000| Complete 
| 123|0x0000000450800000, 0x0000000451000000, 0x0000000451000000|100%| E|CS|TAMS 0x0000000450800000, 0x0000000450800000| Complete 
| 124|0x0000000451000000, 0x0000000451800000, 0x0000000451800000|100%| E|CS|TAMS 0x0000000451000000, 0x0000000451000000| Complete 
| 125|0x0000000451800000, 0x0000000452000000, 0x0000000452000000|100%| E|CS|TAMS 0x0000000451800000, 0x0000000451800000| Complete 
|2008|0x00000007ff000000, 0x00000007ff775000, 0x00000007ff800000| 93%|OA|  |TAMS 0x00000007ff000000, 0x00000007ff000000| Untracked 
|2009|0x00000007ff800000, 0x00000007ff877000, 0x0000000800000000|  5%|CA|  |TAMS 0x00000007ff800000, 0x00000007ff800000| Untracked 

Card table byte_map: [0x00007fab574d1000,0x00007fab59439000] _byte_map_base: 0x00007fab55439000

Marking Bits (Prev, Next): (CMBitMap*) 0x00007fab70057b60, (CMBitMap*) 0x00007fab70057ba0
 Prev Bits: [0x00007fab45a29000, 0x00007fab55569000)
 Next Bits: [0x00007fab35ee9000, 0x00007fab45a29000)

Polling page: 0x00007fab7817b000

Metaspace:

Usage:
  Non-class:     16.94 MB used.
      Class:      2.05 MB used.
       Both:     18.99 MB used.

Virtual space:
  Non-class space:       64.00 MB reserved,      17.06 MB ( 27%) committed,  1 nodes.
      Class space:        1.00 GB reserved,       2.19 MB ( <1%) committed,  1 nodes.
             Both:        1.06 GB reserved,      19.25 MB (  2%) committed. 

Chunk freelists:
   Non-Class:  14.47 MB
       Class:  13.66 MB
        Both:  28.12 MB

MaxMetaspaceSize: unlimited
CompressedClassSpaceSize: 1.00 GB
Initial GC threshold: 21.00 MB
Current GC threshold: 21.00 MB
CDS: on
MetaspaceReclaimPolicy: balanced
 - commit_granule_bytes: 65536.
 - commit_granule_words: 8192.
 - virtual_space_node_default_size: 8388608.
 - enlarge_chunks_in_place: 1.
 - new_chunks_are_fully_committed: 0.
 - uncommit_free_chunks: 1.
 - use_allocation_guard: 0.
 - handle_deallocations: 1.


Internal statistics:

num_allocs_failed_limit: 0.
num_arena_births: 210.
num_arena_deaths: 0.
num_vsnodes_births: 2.
num_vsnodes_deaths: 0.
num_space_committed: 308.
num_space_uncommitted: 0.
num_chunks_returned_to_freelist: 0.
num_chunks_taken_from_freelist: 577.
num_chunk_merges: 0.
num_chunk_splits: 340.
num_chunks_enlarged: 203.
num_inconsistent_stats: 0.

CodeHeap 'non-profiled nmethods': size=120032Kb used=1764Kb max_used=1764Kb free=118267Kb
 bounds [0x00007fab60f01000, 0x00007fab61171000, 0x00007fab68439000]
CodeHeap 'profiled nmethods': size=120028Kb used=6908Kb max_used=6908Kb free=113119Kb
 bounds [0x00007fab59439000, 0x00007fab59af9000, 0x00007fab60970000]
CodeHeap 'non-nmethods': size=5700Kb used=1231Kb max_used=1282Kb free=4468Kb
 bounds [0x00007fab60970000, 0x00007fab60be0000, 0x00007fab60f01000]
 total_blobs=4209 nmethods=3670 adapters=452
 compilation: enabled
              stopped_count=0, restarted_count=0
 full_count=0

Compilation events (20 events):
Event: 14.670 Thread 0x00007fab701d54b0 3676       4       com.android.repository.api.ConsoleProgressIndicator::printStatusLine (228 bytes)
Event: 14.741 Thread 0x00007fab701d69f0 3682   !   3       java.nio.CharBuffer::wrap (21 bytes)
Event: 14.741 Thread 0x00007fab701d69f0 nmethod 3682 0x00007fab59af6c10 code [0x00007fab59af6de0, 0x00007fab59af7070]
Event: 14.742 Thread 0x00007fab701d69f0 3683       3       java.nio.HeapCharBuffer::<init> (23 bytes)
Event: 14.742 Thread 0x00007fab701d69f0 nmethod 3683 0x00007fab59af7190 code [0x00007fab59af7340, 0x00007fab59af74c0]
Event: 14.762 Thread 0x00007fab701d54b0 nmethod 3676 0x00007fab610adb90 code [0x00007fab610adfa0, 0x00007fab610b3158]
Event: 14.762 Thread 0x00007fab701d54b0 3672       4       java.util.regex.Pattern$BranchConn::match (11 bytes)
Event: 14.762 Thread 0x00007fab701d54b0 nmethod 3672 0x00007fab610b5710 code [0x00007fab610b58a0, 0x00007fab610b5938]
Event: 14.775 Thread 0x00007fab701d54b0 3684       4       jdk.internal.math.FloatingDecimal$BinaryToASCIIBuffer::dtoa (1509 bytes)
Event: 14.775 Thread 0x00007fab701d69f0 3685   !   3       sun.nio.fs.UnixPath::initOffsets (189 bytes)
Event: 14.776 Thread 0x00007fab701d69f0 nmethod 3685 0x00007fab59af7590 code [0x00007fab59af77a0, 0x00007fab59af80d0]
Event: 14.801 Thread 0x00007fab701d54b0 nmethod 3684 0x00007fab610b5a10 code [0x00007fab610b5c20, 0x00007fab610b6db8]
Event: 14.801 Thread 0x00007fab701d54b0 3686  s    4       java.nio.channels.Channels$1::write (107 bytes)
Event: 14.807 Thread 0x00007fab701d54b0 nmethod 3686 0x00007fab610b7890 code [0x00007fab610b7a40, 0x00007fab610b8268]
Event: 14.807 Thread 0x00007fab701d54b0 3687       4       com.android.repository.api.DelegatingProgressIndicator$$Lambda$79/0x00007faad8125b88::accept (12 bytes)
Event: 14.808 Thread 0x00007fab701d54b0 nmethod 3687 0x00007fab610b8610 code [0x00007fab610b87a0, 0x00007fab610b8898]
Event: 14.845 Thread 0x00007fab701d54b0 3688  s    4       java.io.BufferedOutputStream::write (67 bytes)
Event: 14.860 Thread 0x00007fab701d54b0 nmethod 3688 0x00007fab610b8990 code [0x00007fab610b8b80, 0x00007fab610b99a8]
Event: 14.860 Thread 0x00007fab701d54b0 3689       4       java.io.FilterInputStream::read (9 bytes)
Event: 14.861 Thread 0x00007fab701d54b0 nmethod 3689 0x00007fab610b9f90 code [0x00007fab610ba120, 0x00007fab610ba1e8]

GC Heap History (6 events):
Event: 1.492 GC heap before
{Heap before GC invocations=0 (full 0):
 garbage-first heap   total 1048576K, used 57264K [0x0000000413000000, 0x0000000800000000)
  region size 8192K, 6 young (49152K), 0 survivors (0K)
 Metaspace       used 17743K, committed 17920K, reserved 1114112K
  class space    used 2002K, committed 2048K, reserved 1048576K
}
Event: 1.501 GC heap after
{Heap after GC invocations=1 (full 0):
 garbage-first heap   total 1048576K, used 15923K [0x0000000413000000, 0x0000000800000000)
  region size 8192K, 1 young (8192K), 1 survivors (8192K)
 Metaspace       used 17743K, committed 17920K, reserved 1114112K
  class space    used 2002K, committed 2048K, reserved 1048576K
}
Event: 1.807 GC heap before
{Heap before GC invocations=1 (full 0):
 garbage-first heap   total 1048576K, used 48691K [0x0000000413000000, 0x0000000800000000)
  region size 8192K, 6 young (49152K), 1 survivors (8192K)
 Metaspace       used 18341K, committed 18624K, reserved 1114112K
  class space    used 2015K, committed 2176K, reserved 1048576K
}
Event: 1.826 GC heap after
{Heap after GC invocations=2 (full 0):
 garbage-first heap   total 1048576K, used 18161K [0x0000000413000000, 0x0000000800000000)
  region size 8192K, 1 young (8192K), 1 survivors (8192K)
 Metaspace       used 18341K, committed 18624K, reserved 1114112K
  class space    used 2015K, committed 2176K, reserved 1048576K
}
Event: 1.998 GC heap before
{Heap before GC invocations=2 (full 0):
 garbage-first heap   total 1048576K, used 75505K [0x0000000413000000, 0x0000000800000000)
  region size 8192K, 9 young (73728K), 1 survivors (8192K)
 Metaspace       used 18494K, committed 18752K, reserved 1114112K
  class space    used 2024K, committed 2176K, reserved 1048576K
}
Event: 2.001 GC heap after
{Heap after GC invocations=3 (full 0):
 garbage-first heap   total 1048576K, used 18609K [0x0000000413000000, 0x0000000800000000)
  region size 8192K, 1 young (8192K), 1 survivors (8192K)
 Metaspace       used 18494K, committed 18752K, reserved 1114112K
  class space    used 2024K, committed 2176K, reserved 1048576K
}

Dll operation events (7 events):
Event: 0.002 Loaded shared library /home/runner/.bubblewrap/jdk/jdk-17.0.11+9/lib/libjava.so
Event: 0.015 Loaded shared library /home/runner/.bubblewrap/jdk/jdk-17.0.11+9/lib/libjsvml.so
Event: 0.041 Loaded shared library /home/runner/.bubblewrap/jdk/jdk-17.0.11+9/lib/libnio.so
Event: 0.046 Loaded shared library /home/runner/.bubblewrap/jdk/jdk-17.0.11+9/lib/libzip.so
Event: 0.178 Loaded shared library /home/runner/.bubblewrap/jdk/jdk-17.0.11+9/lib/libnet.so
Event: 0.197 Loaded shared library /home/runner/.bubblewrap/jdk/jdk-17.0.11+9/lib/libjimage.so
Event: 1.040 Loaded shared library /home/runner/.bubblewrap/jdk/jdk-17.0.11+9/lib/libextnet.so

Deoptimization events (20 events):
Event: 14.468 Thread 0x00007fab700262f0 Uncommon trap: trap_request=0xffffff45 fr.pc=0x00007fab61077eb8 relative=0x0000000000001c18
Event: 14.468 Thread 0x00007fab700262f0 Uncommon trap: reason=unstable_if action=reinterpret pc=0x00007fab61077eb8 method=java.nio.channels.Channels$1.write([BII)V @ 46 c2
Event: 14.468 Thread 0x00007fab700262f0 DEOPT PACKING pc=0x00007fab61077eb8 sp=0x00007fab76ab73f0
Event: 14.468 Thread 0x00007fab700262f0 DEOPT UNPACKING pc=0x00007fab609c6699 sp=0x00007fab76ab7440 mode 2
Event: 14.468 Thread 0x00007fab700262f0 Uncommon trap: trap_request=0xffffffc6 fr.pc=0x00007fab610438ec relative=0x000000000000152c
Event: 14.468 Thread 0x00007fab700262f0 Uncommon trap: reason=bimorphic_or_optimized_type_check action=maybe_recompile pc=0x00007fab610438ec method=java.io.BufferedInputStream.read([BII)I @ 101 c2
Event: 14.468 Thread 0x00007fab700262f0 DEOPT PACKING pc=0x00007fab610438ec sp=0x00007fab76ab7450
Event: 14.468 Thread 0x00007fab700262f0 DEOPT UNPACKING pc=0x00007fab609c6699 sp=0x00007fab76ab7458 mode 2
Event: 14.468 Thread 0x00007fab700262f0 Uncommon trap: trap_request=0xffffffc6 fr.pc=0x00007fab610438ec relative=0x000000000000152c
Event: 14.468 Thread 0x00007fab700262f0 Uncommon trap: reason=bimorphic_or_optimized_type_check action=maybe_recompile pc=0x00007fab610438ec method=java.io.BufferedInputStream.read([BII)I @ 101 c2
Event: 14.468 Thread 0x00007fab700262f0 DEOPT PACKING pc=0x00007fab610438ec sp=0x00007fab76ab7450
Event: 14.468 Thread 0x00007fab700262f0 DEOPT UNPACKING pc=0x00007fab609c6699 sp=0x00007fab76ab7458 mode 2
Event: 14.468 Thread 0x00007fab700262f0 Uncommon trap: trap_request=0xffffffc6 fr.pc=0x00007fab610438ec relative=0x000000000000152c
Event: 14.468 Thread 0x00007fab700262f0 Uncommon trap: reason=bimorphic_or_optimized_type_check action=maybe_recompile pc=0x00007fab610438ec method=java.io.BufferedInputStream.read([BII)I @ 101 c2
Event: 14.468 Thread 0x00007fab700262f0 DEOPT PACKING pc=0x00007fab610438ec sp=0x00007fab76ab7450
Event: 14.468 Thread 0x00007fab700262f0 DEOPT UNPACKING pc=0x00007fab609c6699 sp=0x00007fab76ab7458 mode 2
Event: 14.469 Thread 0x00007fab700262f0 Uncommon trap: trap_request=0xffffffc6 fr.pc=0x00007fab610438ec relative=0x000000000000152c
Event: 14.469 Thread 0x00007fab700262f0 Uncommon trap: reason=bimorphic_or_optimized_type_check action=maybe_recompile pc=0x00007fab610438ec method=java.io.BufferedInputStream.read([BII)I @ 101 c2
Event: 14.469 Thread 0x00007fab700262f0 DEOPT PACKING pc=0x00007fab610438ec sp=0x00007fab76ab7450
Event: 14.469 Thread 0x00007fab700262f0 DEOPT UNPACKING pc=0x00007fab609c6699 sp=0x00007fab76ab7458 mode 2

Classes unloaded (0 events):
No events

Classes redefined (0 events):
No events

Internal exceptions (20 events):
Event: 14.544 Thread 0x00007fab700262f0 Exception <a 'sun/nio/fs/UnixException'{0x000000044de5bee0}> (0x000000044de5bee0) 
thrown [src/hotspot/share/prims/jni.cpp, line 516]
Event: 14.545 Thread 0x00007fab700262f0 Exception <a 'sun/nio/fs/UnixException'{0x000000044de650f0}> (0x000000044de650f0) 
thrown [src/hotspot/share/prims/jni.cpp, line 516]
Event: 14.575 Thread 0x00007fab700262f0 Exception <a 'sun/nio/fs/UnixException'{0x000000044df34590}> (0x000000044df34590) 
thrown [src/hotspot/share/prims/jni.cpp, line 516]
Event: 14.575 Thread 0x00007fab700262f0 Exception <a 'sun/nio/fs/UnixException'{0x000000044df3da80}> (0x000000044df3da80) 
thrown [src/hotspot/share/prims/jni.cpp, line 516]
Event: 14.576 Thread 0x00007fab700262f0 Exception <a 'sun/nio/fs/UnixException'{0x000000044df46c68}> (0x000000044df46c68) 
thrown [src/hotspot/share/prims/jni.cpp, line 516]
Event: 14.577 Thread 0x00007fab700262f0 Exception <a 'sun/nio/fs/UnixException'{0x000000044df52b70}> (0x000000044df52b70) 
thrown [src/hotspot/share/prims/jni.cpp, line 516]
Event: 14.578 Thread 0x00007fab700262f0 Exception <a 'sun/nio/fs/UnixException'{0x000000044df5c850}> (0x000000044df5c850) 
thrown [src/hotspot/share/prims/jni.cpp, line 516]
Event: 14.579 Thread 0x00007fab700262f0 Exception <a 'sun/nio/fs/UnixException'{0x000000044df65d60}> (0x000000044df65d60) 
thrown [src/hotspot/share/prims/jni.cpp, line 516]
Event: 14.633 Thread 0x00007fab700262f0 Exception <a 'sun/nio/fs/UnixException'{0x000000044c88a780}> (0x000000044c88a780) 
thrown [src/hotspot/share/prims/jni.cpp, line 516]
Event: 14.633 Thread 0x00007fab700262f0 Exception <a 'sun/nio/fs/UnixException'{0x000000044c893990}> (0x000000044c893990) 
thrown [src/hotspot/share/prims/jni.cpp, line 516]
Event: 14.634 Thread 0x00007fab700262f0 Exception <a 'sun/nio/fs/UnixException'{0x000000044c89ce78}> (0x000000044c89ce78) 
thrown [src/hotspot/share/prims/jni.cpp, line 516]
Event: 14.642 Thread 0x00007fab700262f0 Exception <a 'sun/nio/fs/UnixException'{0x000000044c8eff28}> (0x000000044c8eff28) 
thrown [src/hotspot/share/prims/jni.cpp, line 516]
Event: 14.642 Thread 0x00007fab700262f0 Exception <a 'sun/nio/fs/UnixException'{0x000000044c8f9118}> (0x000000044c8f9118) 
thrown [src/hotspot/share/prims/jni.cpp, line 516]
Event: 14.642 Thread 0x00007fab700262f0 Exception <a 'sun/nio/fs/UnixException'{0x000000044c901e10}> (0x000000044c901e10) 
thrown [src/hotspot/share/prims/jni.cpp, line 516]
Event: 14.643 Thread 0x00007fab700262f0 Exception <a 'sun/nio/fs/UnixException'{0x000000044c90afe8}> (0x000000044c90afe8) 
thrown [src/hotspot/share/prims/jni.cpp, line 516]
Event: 14.657 Thread 0x00007fab700262f0 Exception <a 'sun/nio/fs/UnixException'{0x000000044c96bfb8}> (0x000000044c96bfb8) 
thrown [src/hotspot/share/prims/jni.cpp, line 516]
Event: 14.658 Thread 0x00007fab700262f0 Exception <a 'sun/nio/fs/UnixException'{0x000000044c9751c8}> (0x000000044c9751c8) 
thrown [src/hotspot/share/prims/jni.cpp, line 516]
Event: 14.661 Thread 0x00007fab700262f0 Exception <a 'sun/nio/fs/UnixException'{0x000000044c994098}> (0x000000044c994098) 
thrown [src/hotspot/share/prims/jni.cpp, line 516]
Event: 14.671 Thread 0x00007fab700262f0 Exception <a 'sun/nio/fs/UnixException'{0x000000044c9e61e0}> (0x000000044c9e61e0) 
thrown [src/hotspot/share/prims/jni.cpp, line 516]
Event: 14.775 Thread 0x00007fab700262f0 Exception <a 'sun/nio/fs/UnixException'{0x000000044cc07c20}> (0x000000044cc07c20) 
thrown [src/hotspot/share/prims/jni.cpp, line 516]

VM Operations (20 events):
Event: 3.210 Executing VM operation: Cleanup
Event: 3.210 Executing VM operation: Cleanup done
Event: 7.212 Executing VM operation: Cleanup
Event: 7.212 Executing VM operation: Cleanup done
Event: 8.212 Executing VM operation: Cleanup
Event: 8.212 Executing VM operation: Cleanup done
Event: 9.126 Executing VM operation: HandshakeAllThreads
Event: 9.126 Executing VM operation: HandshakeAllThreads done
Event: 10.126 Executing VM operation: Cleanup
Event: 10.126 Executing VM operation: Cleanup done
Event: 11.126 Executing VM operation: Cleanup
Event: 11.126 Executing VM operation: Cleanup done
Event: 12.126 Executing VM operation: Cleanup
Event: 12.127 Executing VM operation: Cleanup done
Event: 13.127 Executing VM operation: Cleanup
Event: 13.127 Executing VM operation: Cleanup done
Event: 14.127 Executing VM operation: Cleanup
Event: 14.127 Executing VM operation: Cleanup done
Event: 15.127 Executing VM operation: Cleanup
Event: 16.688 Executing VM operation: Cleanup done

Events (20 events):
Event: 8.114 loading class jdk/internal/access/foreign/MemorySegmentProxy done
Event: 11.438 Thread 0x00007fab70780870 Thread exited: 0x00007fab70780870
Event: 13.333 loading class jdk/internal/misc/ScopedMemoryAccess$Scope$Handle
Event: 13.334 loading class jdk/internal/misc/ScopedMemoryAccess$Scope$Handle done
Event: 14.427 Thread 0x00007fab703f4e10 Thread added: 0x00007fab703f4e10
Event: 14.427 Protecting memory [0x00007fab34103000,0x00007fab34107000] with protection modes 0
Event: 14.430 loading class java/util/zip/ZipException
Event: 14.430 loading class java/util/zip/ZipException done
Event: 14.432 loading class java/nio/charset/UnsupportedCharsetException
Event: 14.432 loading class java/nio/charset/UnsupportedCharsetException done
Event: 14.499 loading class java/nio/file/attribute/PosixFileAttributeView
Event: 14.499 loading class java/nio/file/attribute/FileOwnerAttributeView
Event: 14.499 loading class java/nio/file/attribute/FileOwnerAttributeView done
Event: 14.499 loading class java/nio/file/attribute/PosixFileAttributeView done
Event: 14.499 loading class sun/nio/fs/UnixFileAttributeViews$Posix
Event: 14.499 loading class sun/nio/fs/UnixFileAttributeViews$Posix done
Event: 14.499 loading class java/nio/file/attribute/PosixFilePermission
Event: 14.499 loading class java/nio/file/attribute/PosixFilePermission done
Event: 14.500 loading class sun/nio/fs/UnixFileModeAttribute$1
Event: 14.500 loading class sun/nio/fs/UnixFileModeAttribute$1 done


Dynamic libraries:
413000000-452000000 rw-p 00000000 00:00 0 
452000000-7ff000000 ---p 00000000 00:00 0 
7ff000000-7ff700000 rw-p 00000000 00:00 0 
7ff700000-7ff775000 rw-p 00c75000 00:6f1 103620                          /home/runner/.bubblewrap/jdk/jdk-17.0.11+9/lib/server/classes.jsa
7ff775000-7ff800000 rw-p 00000000 00:00 0 
7ff800000-7ff877000 rw-p 00bfe000 00:6f1 103620                          /home/runner/.bubblewrap/jdk/jdk-17.0.11+9/lib/server/classes.jsa
7ff877000-800000000 rw-p 00000000 00:00 0 
562f6b097000-562f6b098000 r--p 00000000 00:6f1 104106                    /home/runner/.bubblewrap/jdk/jdk-17.0.11+9/bin/java
562f6b098000-562f6b099000 r-xp 00001000 00:6f1 104106                    /home/runner/.bubblewrap/jdk/jdk-17.0.11+9/bin/java
562f6b099000-562f6b09a000 r--p 00002000 00:6f1 104106                    /home/runner/.bubblewrap/jdk/jdk-17.0.11+9/bin/java
562f6b09a000-562f6b09b000 r--p 00002000 00:6f1 104106                    /home/runner/.bubblewrap/jdk/jdk-17.0.11+9/bin/java
562f6b09b000-562f6b09c000 rw-p 00003000 00:6f1 104106                    /home/runner/.bubblewrap/jdk/jdk-17.0.11+9/bin/java
562f6b1dc000-562f6b226000 rw-p 00000000 00:00 0                          [heap]
7faa28000000-7faa28021000 rw-p 00000000 00:00 0 
7faa28021000-7faa2c000000 ---p 00000000 00:00 0 
7faa2c000000-7faa2c021000 rw-p 00000000 00:00 0 
7faa2c021000-7faa30000000 ---p 00000000 00:00 0 
7faa30000000-7faa30021000 rw-p 00000000 00:00 0 
7faa30021000-7faa34000000 ---p 00000000 00:00 0 
7faa34000000-7faa34021000 rw-p 00000000 00:00 0 
7faa34021000-7faa38000000 ---p 00000000 00:00 0 
7faa38000000-7faa38021000 rw-p 00000000 00:00 0 
7faa38021000-7faa3c000000 ---p 00000000 00:00 0 
7faa3c000000-7faa3c021000 rw-p 00000000 00:00 0 
7faa3c021000-7faa40000000 ---p 00000000 00:00 0 
7faa40000000-7faa40021000 rw-p 00000000 00:00 0 
7faa40021000-7faa44000000 ---p 00000000 00:00 0 
7faa44000000-7faa44021000 rw-p 00000000 00:00 0 
7faa44021000-7faa48000000 ---p 00000000 00:00 0 
7faa48000000-7faa48021000 rw-p 00000000 00:00 0 
7faa48021000-7faa4c000000 ---p 00000000 00:00 0 
7faa4c000000-7faa4c021000 rw-p 00000000 00:00 0 
7faa4c021000-7faa50000000 ---p 00000000 00:00 0 
7faa50000000-7faa50021000 rw-p 00000000 00:00 0 
7faa50021000-7faa54000000 ---p 00000000 00:00 0 
7faa54000000-7faa54021000 rw-p 00000000 00:00 0 
7faa54021000-7faa58000000 ---p 00000000 00:00 0 
7faa58000000-7faa58021000 rw-p 00000000 00:00 0 
7faa58021000-7faa5c000000 ---p 00000000 00:00 0 
7faa5c000000-7faa5c021000 rw-p 00000000 00:00 0 
7faa5c021000-7faa60000000 ---p 00000000 00:00 0 
7faa60000000-7faa60021000 rw-p 00000000 00:00 0 
7faa60021000-7faa64000000 ---p 00000000 00:00 0 
7faa64000000-7faa64021000 rw-p 00000000 00:00 0 
7faa64021000-7faa68000000 ---p 00000000 00:00 0 
7faa68000000-7faa68021000 rw-p 00000000 00:00 0 
7faa68021000-7faa6c000000 ---p 00000000 00:00 0 
7faa6c000000-7faa6c021000 rw-p 00000000 00:00 0 
7faa6c021000-7faa70000000 ---p 00000000 00:00 0 
7faa70000000-7faa70021000 rw-p 00000000 00:00 0 
7faa70021000-7faa74000000 ---p 00000000 00:00 0 
7faa74000000-7faa74021000 rw-p 00000000 00:00 0 
7faa74021000-7faa78000000 ---p 00000000 00:00 0 
7faa78000000-7faa78024000 rw-p 00000000 00:00 0 
7faa78024000-7faa7c000000 ---p 00000000 00:00 0 
7faa7c000000-7faa7c021000 rw-p 00000000 00:00 0 
7faa7c021000-7faa80000000 ---p 00000000 00:00 0 
7faa80000000-7faa80021000 rw-p 00000000 00:00 0 
7faa80021000-7faa84000000 ---p 00000000 00:00 0 
7faa84000000-7faa84021000 rw-p 00000000 00:00 0 
7faa84021000-7faa88000000 ---p 00000000 00:00 0 
7faa88000000-7faa88021000 rw-p 00000000 00:00 0 
7faa88021000-7faa8c000000 ---p 00000000 00:00 0 
7faa8c000000-7faa8c021000 rw-p 00000000 00:00 0 
7faa8c021000-7faa90000000 ---p 00000000 00:00 0 
7faa90000000-7faa90021000 rw-p 00000000 00:00 0 
7faa90021000-7faa94000000 ---p 00000000 00:00 0 
7faa94000000-7faa94021000 rw-p 00000000 00:00 0 
7faa94021000-7faa98000000 ---p 00000000 00:00 0 
7faa98000000-7faa98021000 rw-p 00000000 00:00 0 
7faa98021000-7faa9c000000 ---p 00000000 00:00 0 
7faa9c000000-7faa9c021000 rw-p 00000000 00:00 0 
7faa9c021000-7faaa0000000 ---p 00000000 00:00 0 
7faaa0000000-7faaa0021000 rw-p 00000000 00:00 0 
7faaa0021000-7faaa4000000 ---p 00000000 00:00 0 
7faaa4000000-7faaa502c000 rw-p 00000000 00:00 0 
7faaa502c000-7faaa8000000 ---p 00000000 00:00 0 
7faaa8000000-7faaa8021000 rw-p 00000000 00:00 0 
7faaa8021000-7faaac000000 ---p 00000000 00:00 0 
7faaac000000-7faaac15e000 rw-p 00000000 00:00 0 
7faaac15e000-7faab0000000 ---p 00000000 00:00 0 
7faab0000000-7faab062f000 rw-p 00000000 00:00 0 
7faab062f000-7faab4000000 ---p 00000000 00:00 0 
7faab4000000-7faab4021000 rw-p 00000000 00:00 0 
7faab4021000-7faab8000000 ---p 00000000 00:00 0 
7faab8000000-7faab8021000 rw-p 00000000 00:00 0 
7faab8021000-7faabc000000 ---p 00000000 00:00 0 
7faabc000000-7faabdafe000 rw-p 00000000 00:00 0 
7faabdafe000-7faac0000000 ---p 00000000 00:00 0 
7faac0000000-7faac0021000 rw-p 00000000 00:00 0 
7faac0021000-7faac4000000 ---p 00000000 00:00 0 
7faac4000000-7faac4021000 rw-p 00000000 00:00 0 
7faac4021000-7faac8000000 ---p 00000000 00:00 0 
7faac8000000-7faac8021000 rw-p 00000000 00:00 0 
7faac8021000-7faacc000000 ---p 00000000 00:00 0 
7faacc000000-7faacc021000 rw-p 00000000 00:00 0 
7faacc021000-7faad0000000 ---p 00000000 00:00 0 
7faad0000000-7faad0021000 rw-p 00000000 00:00 0 
7faad0021000-7faad4000000 ---p 00000000 00:00 0 
7faad7000000-7faad7454000 rw-p 00001000 00:6f1 103620                    /home/runner/.bubblewrap/jdk/jdk-17.0.11+9/lib/server/classes.jsa
7faad7454000-7faad7bc6000 rw-p 00455000 00:6f1 103620                    /home/runner/.bubblewrap/jdk/jdk-17.0.11+9/lib/server/classes.jsa
7faad7bc6000-7faad8000000 ---p 00000000 00:00 0 
7faad8000000-7faad8030000 rw-p 00000000 00:00 0 
7faad8030000-7faad80b0000 rw-p 00000000 00:00 0 
7faad80b0000-7faad80f0000 rw-p 00000000 00:00 0 
7faad80f0000-7faad8130000 rw-p 00000000 00:00 0 
7faad8130000-7faad81b0000 rw-p 00000000 00:00 0 
7faad81b0000-7faad81d0000 rw-p 00000000 00:00 0 
7faad81d0000-7faad8210000 rw-p 00000000 00:00 0 
7faad8210000-7faad8240000 ---p 00000000 00:00 0 
7faad8240000-7faad8260000 rw-p 00000000 00:00 0 
7faad8260000-7fab18000000 ---p 00000000 00:00 0 
7fab18000000-7fab18021000 rw-p 00000000 00:00 0 
7fab18021000-7fab1c000000 ---p 00000000 00:00 0 
7fab1c000000-7fab1c3f0000 rw-p 00000000 00:00 0 
7fab1c3f0000-7fab1c730000 rw-p 00000000 00:00 0 
7fab1c730000-7fab1c770000 rw-p 00000000 00:00 0 
7fab1c770000-7fab1c8f0000 rw-p 00000000 00:00 0 
7fab1c8f0000-7fab1c9d0000 rw-p 00000000 00:00 0 
7fab1c9d0000-7fab1caf0000 rw-p 00000000 00:00 0 
7fab1caf0000-7fab1cb10000 rw-p 00000000 00:00 0 
7fab1cb10000-7fab1cb30000 rw-p 00000000 00:00 0 
7fab1cb30000-7fab1cb70000 rw-p 00000000 00:00 0 
7fab1cb70000-7fab1ccf0000 rw-p 00000000 00:00 0 
7fab1ccf0000-7fab1cd30000 rw-p 00000000 00:00 0 
7fab1cd30000-7fab1cd70000 rw-p 00000000 00:00 0 
7fab1cd70000-7fab1cef0000 rw-p 00000000 00:00 0 
7fab1cef0000-7fab1cf30000 rw-p 00000000 00:00 0 
7fab1cf30000-7fab1cf70000 rw-p 00000000 00:00 0 
7fab1cf70000-7fab1d090000 rw-p 00000000 00:00 0 
7fab1d090000-7fab1d100000 ---p 00000000 00:00 0 
7fab1d100000-7fab1d180000 rw-p 00000000 00:00 0 
7fab1d180000-7fab20000000 ---p 00000000 00:00 0 
7fab20000000-7fab20021000 rw-p 00000000 00:00 0 
7fab20021000-7fab24000000 ---p 00000000 00:00 0 
7fab24153000-7fab243e4000 rw-p 00000000 00:00 0 
7fab243e4000-7fab243e8000 ---p 00000000 00:00 0 
7fab243e8000-7fab244e5000 rw-p 00000000 00:00 0 
7fab244e5000-7fab244e9000 ---p 00000000 00:00 0 
7fab244e9000-7fab245e6000 rw-p 00000000 00:00 0 
7fab245e6000-7fab245ea000 ---p 00000000 00:00 0 
7fab245ea000-7fab246e7000 rw-p 00000000 00:00 0 
7fab246e7000-7fab246eb000 ---p 00000000 00:00 0 
7fab246eb000-7fab247e8000 rw-p 00000000 00:00 0 
7fab247e8000-7fab247ec000 ---p 00000000 00:00 0 
7fab247ec000-7fab248e9000 rw-p 00000000 00:00 0 
7fab248e9000-7fab248ed000 ---p 00000000 00:00 0 
7fab248ed000-7fab249ea000 rw-p 00000000 00:00 0 
7fab249ea000-7fab249ee000 ---p 00000000 00:00 0 
7fab249ee000-7fab24aeb000 rw-p 00000000 00:00 0 
7fab24aeb000-7fab24aec000 ---p 00000000 00:00 0 
7fab24aec000-7fab24bec000 rw-p 00000000 00:00 0 
7fab24bec000-7fab24bed000 ---p 00000000 00:00 0 
7fab24bed000-7fab24ced000 rw-p 00000000 00:00 0 
7fab24ced000-7fab24cee000 ---p 00000000 00:00 0 
7fab24cee000-7fab24dee000 rw-p 00000000 00:00 0 
7fab24dee000-7fab24def000 ---p 00000000 00:00 0 
7fab24def000-7fab24eef000 rw-p 00000000 00:00 0 
7fab24eef000-7fab24ef0000 ---p 00000000 00:00 0 
7fab24ef0000-7fab24ff0000 rw-p 00000000 00:00 0 
7fab24ff0000-7fab24ff4000 ---p 00000000 00:00 0 
7fab24ff4000-7fab250f1000 rw-p 00000000 00:00 0 
7fab250f1000-7fab250f5000 ---p 00000000 00:00 0 
7fab250f5000-7fab251f2000 rw-p 00000000 00:00 0 
7fab251f2000-7fab251f6000 ---p 00000000 00:00 0 
7fab251f6000-7fab252f3000 rw-p 00000000 00:00 0 
7fab252f3000-7fab252f7000 ---p 00000000 00:00 0 
7fab252f7000-7fab253f4000 rw-p 00000000 00:00 0 
7fab253f4000-7fab253f8000 ---p 00000000 00:00 0 
7fab253f8000-7fab254f5000 rw-p 00000000 00:00 0 
7fab254f5000-7fab254f9000 ---p 00000000 00:00 0 
7fab254f9000-7fab255f6000 rw-p 00000000 00:00 0 
7fab255f6000-7fab255fa000 ---p 00000000 00:00 0 
7fab255fa000-7fab256f7000 rw-p 00000000 00:00 0 
7fab256f7000-7fab256fb000 ---p 00000000 00:00 0 
7fab256fb000-7fab257f8000 rw-p 00000000 00:00 0 
7fab257f8000-7fab257fc000 ---p 00000000 00:00 0 
7fab257fc000-7fab258f9000 rw-p 00000000 00:00 0 
7fab258f9000-7fab258fd000 ---p 00000000 00:00 0 
7fab258fd000-7fab259fa000 rw-p 00000000 00:00 0 
7fab259fa000-7fab259fe000 ---p 00000000 00:00 0 
7fab259fe000-7fab25afb000 rw-p 00000000 00:00 0 
7fab25afb000-7fab25aff000 ---p 00000000 00:00 0 
7fab25aff000-7fab25bfc000 rw-p 00000000 00:00 0 
7fab25bfc000-7fab25c00000 ---p 00000000 00:00 0 
7fab25c00000-7fab25cfd000 rw-p 00000000 00:00 0 
7fab25cfd000-7fab25d01000 ---p 00000000 00:00 0 
7fab25d01000-7fab25dfe000 rw-p 00000000 00:00 0 
7fab25dfe000-7fab25e02000 ---p 00000000 00:00 0 
7fab25e02000-7fab25eff000 rw-p 00000000 00:00 0 
7fab25eff000-7fab25f03000 ---p 00000000 00:00 0 
7fab25f03000-7fab28000000 rw-p 00000000 00:00 0 
7fab28000000-7fab28021000 rw-p 00000000 00:00 0 
7fab28021000-7fab2c000000 ---p 00000000 00:00 0 
7fab2c000000-7fab2c021000 rw-p 00000000 00:00 0 
7fab2c021000-7fab30000000 ---p 00000000 00:00 0 
7fab30000000-7fab30021000 rw-p 00000000 00:00 0 
7fab30021000-7fab34000000 ---p 00000000 00:00 0 
7fab34002000-7fab34006000 ---p 00000000 00:00 0 
7fab34006000-7fab34103000 rw-p 00000000 00:00 0 
7fab34103000-7fab34107000 ---p 00000000 00:00 0 
7fab34107000-7fab34204000 rw-p 00000000 00:00 0 
7fab34204000-7fab34208000 r--p 00000000 00:3b2 524556                    /usr/lib/x86_64-linux-gnu/libresolv-2.31.so
7fab34208000-7fab34218000 r-xp 00004000 00:3b2 524556                    /usr/lib/x86_64-linux-gnu/libresolv-2.31.so
7fab34218000-7fab3421b000 r--p 00014000 00:3b2 524556                    /usr/lib/x86_64-linux-gnu/libresolv-2.31.so
7fab3421b000-7fab3421c000 ---p 00017000 00:3b2 524556                    /usr/lib/x86_64-linux-gnu/libresolv-2.31.so
7fab3421c000-7fab3421d000 r--p 00017000 00:3b2 524556                    /usr/lib/x86_64-linux-gnu/libresolv-2.31.so
7fab3421d000-7fab3421e000 rw-p 00018000 00:3b2 524556                    /usr/lib/x86_64-linux-gnu/libresolv-2.31.so
7fab3421e000-7fab34220000 rw-p 00000000 00:00 0 
7fab34220000-7fab34224000 ---p 00000000 00:00 0 
7fab34224000-7fab34321000 rw-p 00000000 00:00 0 
7fab34321000-7fab34323000 r--p 00000000 00:6f1 103629                    /home/runner/.bubblewrap/jdk/jdk-17.0.11+9/lib/libzip.so
7fab34323000-7fab34335000 r-xp 00002000 00:6f1 103629                    /home/runner/.bubblewrap/jdk/jdk-17.0.11+9/lib/libzip.so
7fab34335000-7fab3433d000 r--p 00014000 00:6f1 103629                    /home/runner/.bubblewrap/jdk/jdk-17.0.11+9/lib/libzip.so
7fab3433d000-7fab3433e000 r--p 0001b000 00:6f1 103629                    /home/runner/.bubblewrap/jdk/jdk-17.0.11+9/lib/libzip.so
7fab3433e000-7fab3433f000 rw-p 0001c000 00:6f1 103629                    /home/runner/.bubblewrap/jdk/jdk-17.0.11+9/lib/libzip.so
7fab3433f000-7fab34343000 ---p 00000000 00:00 0 
7fab34343000-7fab34440000 rw-p 00000000 00:00 0 
7fab34440000-7fab34441000 ---p 00000000 00:00 0 
7fab34441000-7fab34541000 rw-p 00000000 00:00 0 
7fab34541000-7fab34545000 ---p 00000000 00:00 0 
7fab34545000-7fab34642000 rw-p 00000000 00:00 0 
7fab34642000-7fab34646000 ---p 00000000 00:00 0 
7fab34646000-7fab34743000 rw-p 00000000 00:00 0 
7fab34743000-7fab34747000 ---p 00000000 00:00 0 
7fab34747000-7fab34844000 rw-p 00000000 00:00 0 
7fab34844000-7fab34848000 ---p 00000000 00:00 0 
7fab34848000-7fab34945000 rw-p 00000000 00:00 0 
7fab34945000-7fab34949000 ---p 00000000 00:00 0 
7fab34949000-7fab34a46000 rw-p 00000000 00:00 0 
7fab34a46000-7fab34a4a000 ---p 00000000 00:00 0 
7fab34a4a000-7fab34b47000 rw-p 00000000 00:00 0 
7fab34b47000-7fab34b4b000 ---p 00000000 00:00 0 
7fab34b4b000-7fab34c48000 rw-p 00000000 00:00 0 
7fab34c48000-7fab34f2e000 r--p 00000000 00:3b2 527475                    /usr/lib/locale/locale-archive
7fab34f2e000-7fab34f32000 ---p 00000000 00:00 0 
7fab34f32000-7fab3502f000 rw-p 00000000 00:00 0 
7fab3502f000-7fab35033000 ---p 00000000 00:00 0 
7fab35033000-7fab35130000 rw-p 00000000 00:00 0 
7fab35130000-7fab35131000 ---p 00000000 00:00 0 
7fab35131000-7fab35231000 rw-p 00000000 00:00 0 
7fab35231000-7fab35236000 r--p 00000000 00:6f1 103599                    /home/runner/.bubblewrap/jdk/jdk-17.0.11+9/lib/libjsvml.so
7fab35236000-7fab35277000 r-xp 00005000 00:6f1 103599                    /home/runner/.bubblewrap/jdk/jdk-17.0.11+9/lib/libjsvml.so
7fab35277000-7fab35300000 r--p 00046000 00:6f1 103599                    /home/runner/.bubblewrap/jdk/jdk-17.0.11+9/lib/libjsvml.so
7fab35300000-7fab35301000 r--p 000ce000 00:6f1 103599                    /home/runner/.bubblewrap/jdk/jdk-17.0.11+9/lib/libjsvml.so
7fab35301000-7fab35302000 rw-p 000cf000 00:6f1 103599                    /home/runner/.bubblewrap/jdk/jdk-17.0.11+9/lib/libjsvml.so
7fab35302000-7fab353de000 rw-p 00000000 00:00 0 
7fab353de000-7fab353df000 ---p 00000000 00:00 0 
7fab353df000-7fab354df000 rw-p 00000000 00:00 0 
7fab354df000-7fab354e0000 ---p 00000000 00:00 0 
7fab354e0000-7fab35be6000 rw-p 00000000 00:00 0 
7fab35be6000-7fab35be7000 ---p 00000000 00:00 0 
7fab35be7000-7fab35ce7000 rw-p 00000000 00:00 0 
7fab35ce7000-7fab35ce8000 ---p 00000000 00:00 0 
7fab35ce8000-7fab35de8000 rw-p 00000000 00:00 0 
7fab35de8000-7fab35de9000 ---p 00000000 00:00 0 
7fab35de9000-7fab36ea9000 rw-p 00000000 00:00 0 
7fab36ea9000-7fab459e9000 ---p 00000000 00:00 0 
7fab459e9000-7fab469e9000 rw-p 00000000 00:00 0 
7fab469e9000-7fab55529000 ---p 00000000 00:00 0 
7fab55529000-7fab55761000 rw-p 00000000 00:00 0 
7fab55761000-7fab574c9000 ---p 00000000 00:00 0 
7fab574c9000-7fab576c9000 rw-p 00000000 00:00 0 
7fab576c9000-7fab59431000 ---p 00000000 00:00 0 
7fab59431000-7fab59439000 rw-p 00000000 00:00 0 
7fab59439000-7fab59af9000 rwxp 00000000 00:00 0 
7fab59af9000-7fab60970000 ---p 00000000 00:00 0 
7fab60970000-7fab60be0000 rwxp 00000000 00:00 0 
7fab60be0000-7fab60f01000 ---p 00000000 00:00 0 
7fab60f01000-7fab61171000 rwxp 00000000 00:00 0 
7fab61171000-7fab68439000 ---p 00000000 00:00 0 
7fab68439000-7fab70000000 r--s 00000000 00:6f1 103594                    /home/runner/.bubblewrap/jdk/jdk-17.0.11+9/lib/modules
7fab70000000-7fab707d1000 rw-p 00000000 00:00 0 
7fab707d1000-7fab74000000 ---p 00000000 00:00 0 
7fab74007000-7fab7400e000 r--s 00000000 00:3b2 524431                    /usr/lib/x86_64-linux-gnu/gconv/gconv-modules.cache
7fab7400e000-7fab74010000 r--p 00000000 00:3b2 524523                    /usr/lib/x86_64-linux-gnu/libnss_dns-2.31.so
7fab74010000-7fab74014000 r-xp 00002000 00:3b2 524523                    /usr/lib/x86_64-linux-gnu/libnss_dns-2.31.so
7fab74014000-7fab74015000 r--p 00006000 00:3b2 524523                    /usr/lib/x86_64-linux-gnu/libnss_dns-2.31.so
7fab74015000-7fab74016000 r--p 00006000 00:3b2 524523                    /usr/lib/x86_64-linux-gnu/libnss_dns-2.31.so
7fab74016000-7fab74017000 rw-p 00007000 00:3b2 524523                    /usr/lib/x86_64-linux-gnu/libnss_dns-2.31.so
7fab74017000-7fab74089000 rw-p 00000000 00:00 0 
7fab7408c000-7fab7408d000 r--p 00000000 00:6f1 103647                    /home/runner/.bubblewrap/jdk/jdk-17.0.11+9/lib/libextnet.so
7fab7408d000-7fab7408e000 r-xp 00001000 00:6f1 103647                    /home/runner/.bubblewrap/jdk/jdk-17.0.11+9/lib/libextnet.so
7fab7408e000-7fab7408f000 r--p 00002000 00:6f1 103647                    /home/runner/.bubblewrap/jdk/jdk-17.0.11+9/lib/libextnet.so
7fab7408f000-7fab74090000 r--p 00002000 00:6f1 103647                    /home/runner/.bubblewrap/jdk/jdk-17.0.11+9/lib/libextnet.so
7fab74090000-7fab74091000 rw-p 00003000 00:6f1 103647                    /home/runner/.bubblewrap/jdk/jdk-17.0.11+9/lib/libextnet.so
7fab74091000-7fab74095000 r--p 00000000 00:6f1 103609                    /home/runner/.bubblewrap/jdk/jdk-17.0.11+9/lib/libnet.so
7fab74095000-7fab740a3000 r-xp 00004000 00:6f1 103609                    /home/runner/.bubblewrap/jdk/jdk-17.0.11+9/lib/libnet.so
7fab740a3000-7fab740a7000 r--p 00012000 00:6f1 103609                    /home/runner/.bubblewrap/jdk/jdk-17.0.11+9/lib/libnet.so
7fab740a7000-7fab740a8000 r--p 00015000 00:6f1 103609                    /home/runner/.bubblewrap/jdk/jdk-17.0.11+9/lib/libnet.so
7fab740a8000-7fab740a9000 rw-p 00016000 00:6f1 103609                    /home/runner/.bubblewrap/jdk/jdk-17.0.11+9/lib/libnet.so
7fab740a9000-7fab740b0000 r--p 00000000 00:6f1 103610                    /home/runner/.bubblewrap/jdk/jdk-17.0.11+9/lib/libnio.so
7fab740b0000-7fab740b9000 r-xp 00007000 00:6f1 103610                    /home/runner/.bubblewrap/jdk/jdk-17.0.11+9/lib/libnio.so
7fab740b9000-7fab740bd000 r--p 00010000 00:6f1 103610                    /home/runner/.bubblewrap/jdk/jdk-17.0.11+9/lib/libnio.so
7fab740bd000-7fab740be000 ---p 00014000 00:6f1 103610                    /home/runner/.bubblewrap/jdk/jdk-17.0.11+9/lib/libnio.so
7fab740be000-7fab740bf000 r--p 00014000 00:6f1 103610                    /home/runner/.bubblewrap/jdk/jdk-17.0.11+9/lib/libnio.so
7fab740bf000-7fab740c0000 rw-p 00015000 00:6f1 103610                    /home/runner/.bubblewrap/jdk/jdk-17.0.11+9/lib/libnio.so
7fab740c0000-7fab74379000 rw-p 00000000 00:00 0 
7fab74379000-7fab760e1000 ---p 00000000 00:00 0 
7fab760e1000-7fab76772000 rw-p 00000000 00:00 0 
7fab76772000-7fab76858000 ---p 00000000 00:00 0 
7fab76858000-7fab76866000 rw-p 00000000 00:00 0 
7fab76866000-7fab76943000 ---p 00000000 00:00 0 
7fab76943000-7fab76948000 rw-p 00000000 00:00 0 
7fab76948000-7fab7694f000 ---p 00000000 00:00 0 
7fab7694f000-7fab7695d000 r--p 00000000 00:6f1 103600                    /home/runner/.bubblewrap/jdk/jdk-17.0.11+9/lib/libjava.so
7fab7695d000-7fab7696f000 r-xp 0000e000 00:6f1 103600                    /home/runner/.bubblewrap/jdk/jdk-17.0.11+9/lib/libjava.so
7fab7696f000-7fab76975000 r--p 00020000 00:6f1 103600                    /home/runner/.bubblewrap/jdk/jdk-17.0.11+9/lib/libjava.so
7fab76975000-7fab76976000 ---p 00026000 00:6f1 103600                    /home/runner/.bubblewrap/jdk/jdk-17.0.11+9/lib/libjava.so
7fab76976000-7fab76977000 r--p 00026000 00:6f1 103600                    /home/runner/.bubblewrap/jdk/jdk-17.0.11+9/lib/libjava.so
7fab76977000-7fab76978000 rw-p 00027000 00:6f1 103600                    /home/runner/.bubblewrap/jdk/jdk-17.0.11+9/lib/libjava.so
7fab76978000-7fab76979000 rw-p 00000000 00:00 0 
7fab76979000-7fab76981000 rw-s 00000000 00:3ae 104387                    /tmp/hsperfdata_runner/17995
7fab76981000-7fab76984000 r--p 00000000 00:3b2 524525                    /usr/lib/x86_64-linux-gnu/libnss_files-2.31.so
7fab76984000-7fab7698b000 r-xp 00003000 00:3b2 524525                    /usr/lib/x86_64-linux-gnu/libnss_files-2.31.so
7fab7698b000-7fab7698d000 r--p 0000a000 00:3b2 524525                    /usr/lib/x86_64-linux-gnu/libnss_files-2.31.so
7fab7698d000-7fab7698e000 r--p 0000b000 00:3b2 524525                    /usr/lib/x86_64-linux-gnu/libnss_files-2.31.so
7fab7698e000-7fab7698f000 rw-p 0000c000 00:3b2 524525                    /usr/lib/x86_64-linux-gnu/libnss_files-2.31.so
7fab7698f000-7fab76995000 rw-p 00000000 00:00 0 
7fab76998000-7fab7699c000 r--p 00000000 00:6f1 103593                    /home/runner/.bubblewrap/jdk/jdk-17.0.11+9/lib/libjimage.so
7fab7699c000-7fab769af000 r-xp 00004000 00:6f1 103593                    /home/runner/.bubblewrap/jdk/jdk-17.0.11+9/lib/libjimage.so
7fab769af000-7fab769b5000 r--p 00017000 00:6f1 103593                    /home/runner/.bubblewrap/jdk/jdk-17.0.11+9/lib/libjimage.so
7fab769b5000-7fab769b7000 r--p 0001c000 00:6f1 103593                    /home/runner/.bubblewrap/jdk/jdk-17.0.11+9/lib/libjimage.so
7fab769b7000-7fab769b8000 rw-p 0001e000 00:6f1 103593                    /home/runner/.bubblewrap/jdk/jdk-17.0.11+9/lib/libjimage.so
7fab769b8000-7fab769bc000 ---p 00000000 00:00 0 
7fab769bc000-7fab76ab9000 rw-p 00000000 00:00 0 
7fab76ab9000-7fab76ac8000 r--p 00000000 00:3b2 524502                    /usr/lib/x86_64-linux-gnu/libm-2.31.so
7fab76ac8000-7fab76b6f000 r-xp 0000f000 00:3b2 524502                    /usr/lib/x86_64-linux-gnu/libm-2.31.so
7fab76b6f000-7fab76c06000 r--p 000b6000 00:3b2 524502                    /usr/lib/x86_64-linux-gnu/libm-2.31.so
7fab76c06000-7fab76c07000 r--p 0014c000 00:3b2 524502                    /usr/lib/x86_64-linux-gnu/libm-2.31.so
7fab76c07000-7fab76c08000 rw-p 0014d000 00:3b2 524502                    /usr/lib/x86_64-linux-gnu/libm-2.31.so
7fab76c08000-7fab76c0b000 r--p 00000000 00:3b2 524558                    /usr/lib/x86_64-linux-gnu/librt-2.31.so
7fab76c0b000-7fab76c0f000 r-xp 00003000 00:3b2 524558                    /usr/lib/x86_64-linux-gnu/librt-2.31.so
7fab76c0f000-7fab76c10000 r--p 00007000 00:3b2 524558                    /usr/lib/x86_64-linux-gnu/librt-2.31.so
7fab76c10000-7fab76c11000 ---p 00008000 00:3b2 524558                    /usr/lib/x86_64-linux-gnu/librt-2.31.so
7fab76c11000-7fab76c12000 r--p 00008000 00:3b2 524558                    /usr/lib/x86_64-linux-gnu/librt-2.31.so
7fab76c12000-7fab76c13000 rw-p 00009000 00:3b2 524558                    /usr/lib/x86_64-linux-gnu/librt-2.31.so
7fab76c13000-7fab76e66000 r--p 00000000 00:6f1 103617                    /home/runner/.bubblewrap/jdk/jdk-17.0.11+9/lib/server/libjvm.so
7fab76e66000-7fab77b88000 r-xp 00253000 00:6f1 103617                    /home/runner/.bubblewrap/jdk/jdk-17.0.11+9/lib/server/libjvm.so
7fab77b88000-7fab77e14000 r--p 00f75000 00:6f1 103617                    /home/runner/.bubblewrap/jdk/jdk-17.0.11+9/lib/server/libjvm.so
7fab77e14000-7fab77e15000 ---p 01201000 00:6f1 103617                    /home/runner/.bubblewrap/jdk/jdk-17.0.11+9/lib/server/libjvm.so
7fab77e15000-7fab77ece000 r--p 01201000 00:6f1 103617                    /home/runner/.bubblewrap/jdk/jdk-17.0.11+9/lib/server/libjvm.so
7fab77ece000-7fab77f03000 rw-p 012ba000 00:6f1 103617                    /home/runner/.bubblewrap/jdk/jdk-17.0.11+9/lib/server/libjvm.so
7fab77f03000-7fab77f5f000 rw-p 00000000 00:00 0 
7fab77f5f000-7fab77f84000 r--p 00000000 00:3b2 524460                    /usr/lib/x86_64-linux-gnu/libc-2.31.so
7fab77f84000-7fab780fc000 r-xp 00025000 00:3b2 524460                    /usr/lib/x86_64-linux-gnu/libc-2.31.so
7fab780fc000-7fab78146000 r--p 0019d000 00:3b2 524460                    /usr/lib/x86_64-linux-gnu/libc-2.31.so
7fab78146000-7fab78147000 ---p 001e7000 00:3b2 524460                    /usr/lib/x86_64-linux-gnu/libc-2.31.so
7fab78147000-7fab7814a000 r--p 001e7000 00:3b2 524460                    /usr/lib/x86_64-linux-gnu/libc-2.31.so
7fab7814a000-7fab7814d000 rw-p 001ea000 00:3b2 524460                    /usr/lib/x86_64-linux-gnu/libc-2.31.so
7fab7814d000-7fab78151000 rw-p 00000000 00:00 0 
7fab78151000-7fab78152000 r--p 00000000 00:3b2 524471                    /usr/lib/x86_64-linux-gnu/libdl-2.31.so
7fab78152000-7fab78154000 r-xp 00001000 00:3b2 524471                    /usr/lib/x86_64-linux-gnu/libdl-2.31.so
7fab78154000-7fab78155000 r--p 00003000 00:3b2 524471                    /usr/lib/x86_64-linux-gnu/libdl-2.31.so
7fab78155000-7fab78156000 r--p 00003000 00:3b2 524471                    /usr/lib/x86_64-linux-gnu/libdl-2.31.so
7fab78156000-7fab78157000 rw-p 00004000 00:3b2 524471                    /usr/lib/x86_64-linux-gnu/libdl-2.31.so
7fab78157000-7fab7815e000 r--p 00000000 00:3b2 524554                    /usr/lib/x86_64-linux-gnu/libpthread-2.31.so
7fab7815e000-7fab7816f000 r-xp 00007000 00:3b2 524554                    /usr/lib/x86_64-linux-gnu/libpthread-2.31.so
7fab7816f000-7fab78174000 r--p 00018000 00:3b2 524554                    /usr/lib/x86_64-linux-gnu/libpthread-2.31.so
7fab78174000-7fab78175000 r--p 0001c000 00:3b2 524554                    /usr/lib/x86_64-linux-gnu/libpthread-2.31.so
7fab78175000-7fab78176000 rw-p 0001d000 00:3b2 524554                    /usr/lib/x86_64-linux-gnu/libpthread-2.31.so
7fab78176000-7fab7817a000 rw-p 00000000 00:00 0 
7fab7817b000-7fab7817c000 ---p 00000000 00:00 0 
7fab7817c000-7fab7817d000 r--p 00000000 00:00 0 
7fab7817d000-7fab78180000 r--p 00000000 00:6f1 103633                    /home/runner/.bubblewrap/jdk/jdk-17.0.11+9/lib/libjli.so
7fab78180000-7fab78190000 r-xp 00003000 00:6f1 103633                    /home/runner/.bubblewrap/jdk/jdk-17.0.11+9/lib/libjli.so
7fab78190000-7fab78197000 r--p 00013000 00:6f1 103633                    /home/runner/.bubblewrap/jdk/jdk-17.0.11+9/lib/libjli.so
7fab78197000-7fab78198000 r--p 00019000 00:6f1 103633                    /home/runner/.bubblewrap/jdk/jdk-17.0.11+9/lib/libjli.so
7fab78198000-7fab78199000 rw-p 0001a000 00:6f1 103633                    /home/runner/.bubblewrap/jdk/jdk-17.0.11+9/lib/libjli.so
7fab78199000-7fab7819b000 rw-p 00000000 00:00 0 
7fab7819b000-7fab7819c000 r--p 00000000 00:65a 749482                    /nix/store/n5x1kgbz8zjh63ymsijbislyi1n1hir6-replit_rtld_loader-1/rtld_loader.so
7fab7819c000-7fab7819d000 r-xp 00001000 00:65a 749482                    /nix/store/n5x1kgbz8zjh63ymsijbislyi1n1hir6-replit_rtld_loader-1/rtld_loader.so
7fab7819d000-7fab7819e000 r--p 00002000 00:65a 749482                    /nix/store/n5x1kgbz8zjh63ymsijbislyi1n1hir6-replit_rtld_loader-1/rtld_loader.so
7fab7819e000-7fab7819f000 r--p 00002000 00:65a 749482                    /nix/store/n5x1kgbz8zjh63ymsijbislyi1n1hir6-replit_rtld_loader-1/rtld_loader.so
7fab7819f000-7fab781a0000 rw-p 00003000 00:65a 749482                    /nix/store/n5x1kgbz8zjh63ymsijbislyi1n1hir6-replit_rtld_loader-1/rtld_loader.so
7fab781a0000-7fab781b3000 rw-p 00000000 00:00 0 
7fab781b3000-7fab781b4000 r--p 00000000 00:3b2 524438                    /usr/lib/x86_64-linux-gnu/ld-2.31.so
7fab781b4000-7fab781d7000 r-xp 00001000 00:3b2 524438                    /usr/lib/x86_64-linux-gnu/ld-2.31.so
7fab781d7000-7fab781df000 r--p 00024000 00:3b2 524438                    /usr/lib/x86_64-linux-gnu/ld-2.31.so
7fab781df000-7fab781e0000 ---p 00000000 00:00 0 
7fab781e0000-7fab781e1000 r--p 0002c000 00:3b2 524438                    /usr/lib/x86_64-linux-gnu/ld-2.31.so
7fab781e1000-7fab781e2000 rw-p 0002d000 00:3b2 524438                    /usr/lib/x86_64-linux-gnu/ld-2.31.so
7fab781e2000-7fab781e3000 rw-p 00000000 00:00 0 
7ffc88165000-7ffc8818a000 rw-p 00000000 00:00 0                          [stack]
7ffc881e3000-7ffc881e7000 r--p 00000000 00:00 0                          [vvar]
7ffc881e7000-7ffc881e9000 r-xp 00000000 00:00 0                          [vdso]
ffffffffff600000-ffffffffff601000 --xp 00000000 00:00 0                  [vsyscall]


VM Arguments:
jvm_args: -Dcom.android.sdklib.toolsdir=/home/runner/.bubblewrap/android_sdk/tools 
java_command: com.android.sdklib.tool.sdkmanager.SdkManagerCli --install build-tools;34.0.0 --sdk_root=/home/runner/.bubblewrap/android_sdk/
java_class_path (initial): /home/runner/.bubblewrap/android_sdk/tools/lib//sdkmanager-classpath.jar
Launcher Type: SUN_STANDARD

[Global flags]
     intx CICompilerCount                          = 3                                         {product} {ergonomic}
     uint ConcGCThreads                            = 2                                         {product} {ergonomic}
     uint G1ConcRefinementThreads                  = 6                                         {product} {ergonomic}
   size_t G1HeapRegionSize                         = 8388608                                   {product} {ergonomic}
    uintx GCDrainStackTargetSize                   = 64                                        {product} {ergonomic}
   size_t InitialHeapSize                          = 1056964608                                {product} {ergonomic}
   size_t MarkStackSize                            = 4194304                                   {product} {ergonomic}
   size_t MaxHeapSize                              = 16861102080                               {product} {ergonomic}
   size_t MaxNewSize                               = 10116661248                               {product} {ergonomic}
   size_t MinHeapDeltaBytes                        = 8388608                                   {product} {ergonomic}
   size_t MinHeapSize                              = 8388608                                   {product} {ergonomic}
    uintx NonNMethodCodeHeapSize                   = 5832780                                {pd product} {ergonomic}
    uintx NonProfiledCodeHeapSize                  = 122912730                              {pd product} {ergonomic}
    uintx ProfiledCodeHeapSize                     = 122912730                              {pd product} {ergonomic}
    uintx ReservedCodeCacheSize                    = 251658240                              {pd product} {ergonomic}
     bool SegmentedCodeCache                       = true                                      {product} {ergonomic}
   size_t SoftMaxHeapSize                          = 16861102080                            {manageable} {ergonomic}
     bool UseCompressedClassPointers               = true                           {product lp64_product} {ergonomic}
     bool UseCompressedOops                        = true                           {product lp64_product} {ergonomic}
     bool UseG1GC                                  = true                                      {product} {ergonomic}

Logging:
Log output configuration:
 #0: stdout all=warning uptime,level,tags
 #1: stderr all=off uptime,level,tags

Environment Variables:
JAVA_HOME=/home/runner/.bubblewrap/jdk/jdk-17.0.11+9/
PATH=/home/runner/.bubblewrap/jdk/jdk-17.0.11+9/bin/:/nix/store/r2wrscmjzn4f2f7wk7q2ms2h96mjwzv7-npx/bin:/home/runner/workspace/.config/npm/node_global/bin:/home/runner/workspace/node_modules/.bin:/nix/store/rrz8cqhldyl17bbs60g7d8vbaadkxc40-nodejs-20.18.1-wrapped/bin:/nix/store/7zaapw8wkywsw9z5lkkk5k608xpn7wfl-bun-1.2.3/bin:/nix/store/z8s3r4vwf4r26g2d7shnw5lva6ihim8f-pnpm-9.15.0/bin:/nix/store/jcgdksj946l5l42c2y9ks2l4g6n74h3f-yarn-1.22.22/bin:/nix/store/2s17mrby0ph00z22rkabfs9vzpzx1r70-prettier-3.3.3/bin:/nix/store/0z5iwcvalafm3j2c5pfhllsfbxrbyzf4-postgresql-16.5/bin:/nix/store/rdd4pnr4x9rqc9wgbibhngv217w2xvxl-bash-interactive-5.2p26/bin:/nix/store/nbad47q0m0m9c5xid7zh05hiknwircbp-patchelf-0.15.0/bin:/nix/store/9bv7dcvmfcjnmg5mnqwqlq2wxfn8d7yi-gcc-wrapper-13.2.0/bin:/nix/store/14c6s4xzhy14i2b05s00rjns2j93gzz4-gcc-13.2.0/bin:/nix/store/c2i631h8i5vcs1sqifwxfsazhwrg6wr5-glibc-2.39-52-bin/bin:/nix/store/php4qidg2bxzmm79vpri025bqi0fa889-coreutils-9.5/bin:/nix/store/kln7kinji3b7sz8r50h4gn9yy6k1js9a-binutils-wrapper-2.41/bin:/nix/store/bgcaxhhxswzvmxjbbgvvaximm5hwghz1-binutils-2.41/bin:/nix/store/07s64wxjzk6z1glwxvl3yq81vdn42k40-postgresql-15.7/bin:/nix/store/ha8rh8jg19r8418baa8ps9b9kvd6szcf-attr-2.5.2-bin/bin:/nix/store/cnnmb3axmv43lj22gny3m4hj06i1nc7c-libcap-2.69/bin:/nix/store/pn9glkalcj7i5p549dpsl1c46pkb13xr-pulseaudio-17.0/bin:/nix/store/jjcsr5gs4qanf7ln5c6wgcq4sn75a978-findutils-4.9.0/bin:/nix/store/i34mknsjgrfyy71k2h79gda0bvagzc2j-diffutils-3.10/bin:/nix/store/5zjms21vpxlkbc0qyl5pmj2sidfmzmd7-gnused-4.9/bin:/nix/store/28gpmx3z6ss3znd7fhmrzmvk3x5lnfbk-gnugrep-3.11/bin:/nix/store/8vvkbgmnin1x2jkp7wcb2zg1p0vc4ks9-gawk-5.2.2/bin:/nix/store/rik7p68cq7yzlj5pmfpf4yv6jnrpvlgf-gnutar-1.35/bin:/nix/store/j5chw7v1x3vlmf3wmdpdb5gwh9hl0b80-gzip-1.13/bin:/nix/store/mxcq77rlan82dzpv3cgj0fh6qvv8ncil-bzip2-1.0.8-bin/bin:/nix/store/cdzpn0rdq810aknww3w9fy3wmw9ixr66-gnumake-4.4.1/bin:/nix/store/306znyj77fv49kwnkpxmb0j2znqpa8bj-bash-5.2p26/bin:/nix/store/0lfxbmchigx9vs9qmrlbahcy6nxwfnj1-pa
XDG_CACHE_HOME=/home/runner/workspace/.cache
XDG_CONFIG_HOME=/home/runner/workspace/.config
DISPLAY=:0
LANG=en_US.UTF-8
TERM=xterm-256color

Active Locale:
LC_ALL=en_US.UTF-8
LC_COLLATE=en_US.UTF-8
LC_CTYPE=en_US.UTF-8
LC_MESSAGES=en_US.UTF-8
LC_MONETARY=en_US.UTF-8
LC_NUMERIC=en_US.UTF-8
LC_TIME=en_US.UTF-8

Signal Handlers:
   SIGSEGV: crash_handler in libjvm.so, mask=11100100010111111101111111111110, flags=SA_RESTART|SA_SIGINFO, unblocked
    SIGBUS: crash_handler in libjvm.so, mask=11100100010111111101111111111110, flags=SA_RESTART|SA_SIGINFO, unblocked
    SIGFPE: crash_handler in libjvm.so, mask=11100100010111111101111111111110, flags=SA_RESTART|SA_SIGINFO, unblocked
   SIGPIPE: javaSignalHandler in libjvm.so, mask=11100100010111111101111111111110, flags=SA_RESTART|SA_SIGINFO, blocked
   SIGXFSZ: javaSignalHandler in libjvm.so, mask=11100100010111111101111111111110, flags=SA_RESTART|SA_SIGINFO, blocked
    SIGILL: crash_handler in libjvm.so, mask=11100100010111111101111111111110, flags=SA_RESTART|SA_SIGINFO, unblocked
   SIGUSR2: SR_handler in libjvm.so, mask=00000000000000000000000000000000, flags=SA_RESTART|SA_SIGINFO, blocked
    SIGHUP: UserHandler in libjvm.so, mask=11100100010111111101111111111110, flags=SA_RESTART|SA_SIGINFO, blocked
    SIGINT: UserHandler in libjvm.so, mask=11100100010111111101111111111110, flags=SA_RESTART|SA_SIGINFO, blocked
   SIGTERM: UserHandler in libjvm.so, mask=11100100010111111101111111111110, flags=SA_RESTART|SA_SIGINFO, blocked
   SIGQUIT: UserHandler in libjvm.so, mask=11100100010111111101111111111110, flags=SA_RESTART|SA_SIGINFO, blocked
   SIGTRAP: crash_handler in libjvm.so, mask=11100100010111111101111111111110, flags=SA_RESTART|SA_SIGINFO, unblocked


Periodic native trim disabled


---------------  S Y S T E M  ---------------

OS:
DISTRIB_ID=Ubuntu
DISTRIB_RELEASE=20.04
DISTRIB_CODENAME=focal
DISTRIB_DESCRIPTION="Ubuntu 20.04.2 LTS"
uname: Linux 6.2.16 #1-NixOS SMP PREEMPT_DYNAMIC Tue Jan  1 00:00:00 UTC 1980 x86_64
OS uptime: 2 days 3:47 hours
libc: glibc 2.31 NPTL 2.31 
rlimit (soft/hard): STACK 8192k/infinity , CORE infinity/infinity , NPROC infinity/infinity , NOFILE 83886/83886 , AS infinity/infinity , CPU infinity/infinity , DATA infinity/infinity , FSIZE infinity/infinity , MEMLOCK 8192k/8192k
load average: 5.00 7.46 10.40

/proc/meminfo:
MemTotal:       65856200 kB
MemFree:         1930976 kB
MemAvailable:    6504756 kB
Buffers:           16792 kB
Cached:          4224364 kB
SwapCached:            0 kB
Active:         30484520 kB
Inactive:       29447580 kB
Active(anon):   28801292 kB
Inactive(anon): 26916048 kB
Active(file):    1683228 kB
Inactive(file):  2531532 kB
Unevictable:           0 kB
Mlocked:               0 kB
SwapTotal:             0 kB
SwapFree:              0 kB
Zswap:                 0 kB
Zswapped:              0 kB
Dirty:              2640 kB
Writeback:           140 kB
AnonPages:      55691048 kB
Mapped:          1468888 kB
Shmem:             26444 kB
KReclaimable:    1130652 kB
Slab:            2176820 kB
SReclaimable:    1130652 kB
SUnreclaim:      1046168 kB
KernelStack:      203200 kB
PageTables:       916048 kB
SecPageTables:         0 kB
NFS_Unstable:          0 kB
Bounce:                0 kB
WritebackTmp:          0 kB
CommitLimit:    32928100 kB
Committed_AS:   105137372 kB
VmallocTotal:   34359738367 kB
VmallocUsed:      328044 kB
VmallocChunk:          0 kB
Percpu:           158880 kB
HardwareCorrupted:     0 kB
AnonHugePages:         0 kB
ShmemHugePages:        0 kB
ShmemPmdMapped:        0 kB
FileHugePages:         0 kB
FilePmdMapped:         0 kB
CmaTotal:              0 kB
CmaFree:               0 kB
HugePages_Total:       0
HugePages_Free:        0
HugePages_Rsvd:        0
HugePages_Surp:        0
Hugepagesize:       2048 kB
Hugetlb:               0 kB
DirectMap4k:      999412 kB
DirectMap2M:    56672256 kB
DirectMap1G:    11534336 kB

/sys/kernel/mm/transparent_hugepage/enabled: always [madvise] never
/sys/kernel/mm/transparent_hugepage/hpage_pmd_size: 2097152
/sys/kernel/mm/transparent_hugepage/defrag (defrag/compaction efforts parameter): always defer defer+madvise [madvise] never

Process Memory:
Virtual Size: 21922792K (peak: 21924408K)
Resident Set Size: 222060K (peak: 222060K) (anon: 198872K, file: 23188K, shmem: 0K)
Swapped out: 0K
C-Heap outstanding allocations: 46705K, retained: 31582K
glibc malloc tunables: (default)

/proc/sys/kernel/threads-max (system-wide limit on the number of threads): 514360
/proc/sys/vm/max_map_count (maximum number of memory map areas a process may have): 65530
/proc/sys/kernel/pid_max (system-wide limit on number of process identifiers): 32768

container (cgroup) information:
container_type: cgroupv2
cpu_cpuset_cpus: not supported
cpu_memory_nodes: not supported
active_processor_count: 6
cpu_quota: no quota
cpu_period: 100000
cpu_shares: no shares
memory_limit_in_bytes: unlimited
memory_and_swap_limit_in_bytes: unlimited
memory_soft_limit_in_bytes: unlimited
memory_usage_in_bytes: 1824048 k
memory_max_usage_in_bytes: not supported
memory_swap_current_in_bytes: unlimited
memory_swap_max_limit_in_bytes: unlimited
maximum number of tasks: unlimited
current number of tasks: 43

KVM virtualization detected
Steal ticks since vm start: 0
Steal ticks percentage since vm start:  0.000

CPU: total 8 (initial active 6) (8 cores per cpu, 2 threads per core) family 25 model 1 stepping 0 microcode 0xffffffff, cx8, cmov, fxsr, ht, mmx, 3dnowpref, sse, sse2, sse3, ssse3, sse4a, sse4.1, sse4.2, popcnt, lzcnt, tsc, tscinvbit, avx, avx2, aes, erms, clmul, bmi1, bmi2, adx, sha, fma, vzeroupper, clflush, clflushopt, hv
CPU Model and flags from /proc/cpuinfo:
model name	: AMD EPYC 7B13
flags		: fpu vme de pse tsc msr pae mce cx8 apic sep mtrr pge mca cmov pat pse36 clflush mmx fxsr sse sse2 ht syscall nx mmxext fxsr_opt pdpe1gb rdtscp lm constant_tsc rep_good nopl nonstop_tsc cpuid extd_apicid tsc_known_freq pni pclmulqdq ssse3 fma cx16 pcid sse4_1 sse4_2 x2apic movbe popcnt aes xsave avx f16c rdrand hypervisor lahf_lm cmp_legacy cr8_legacy abm sse4a misalignsse 3dnowprefetch osvw topoext invpcid_single ssbd ibrs ibpb stibp vmmcall fsgsbase tsc_adjust bmi1 avx2 smep bmi2 erms invpcid rdseed adx smap clflushopt clwb sha_ni xsaveopt xsavec xgetbv1 clzero xsaveerptr arat npt nrip_save umip vaes vpclmulqdq rdpid fsrm

Online cpus: 0-7
Offline cpus: 
BIOS frequency limitation: <Not Available>
Frequency switch latency (ns): <Not Available>
Available cpu frequencies: <Not Available>
Current governor: <Not Available>
Core performance/turbo boost: <Not Available>

Memory: 4k page, physical 65856200k(1930976k free), swap 0k(0k free)
Page Sizes: 4k

vm_info: OpenJDK 64-Bit Server VM (17.0.11+9) for linux-amd64 JRE (17.0.11+9), built on Apr 16 2024 00:00:00 by "admin" with gcc 10.3.0

END.
